   1              		.cpu cortex-m4
   2              		.eabi_attribute 27, 1
   3              		.eabi_attribute 28, 1
   4              		.eabi_attribute 20, 1
   5              		.eabi_attribute 21, 1
   6              		.eabi_attribute 23, 3
   7              		.eabi_attribute 24, 1
   8              		.eabi_attribute 25, 1
   9              		.eabi_attribute 26, 1
  10              		.eabi_attribute 30, 4
  11              		.eabi_attribute 34, 1
  12              		.eabi_attribute 18, 2
  13              		.file	"report.c"
  14              		.text
  15              	.Ltext0:
  16              		.cfi_sections	.debug_frame
  17              		.section	.text.has_anykey,"ax",%progbits
  18              		.align	1
  19              		.global	has_anykey
  20              		.arch armv7e-m
  21              		.syntax unified
  22              		.thumb
  23              		.thumb_func
  24              		.fpu fpv4-sp-d16
  26              	has_anykey:
  27              	.LVL0:
  28              	.LFB280:
  29              		.file 1 "tmk_core/common/report.c"
   1:tmk_core/common/report.c **** /* Copyright 2017 Fred Sundvik
   2:tmk_core/common/report.c ****  *
   3:tmk_core/common/report.c ****  * This program is free software: you can redistribute it and/or modify
   4:tmk_core/common/report.c ****  * it under the terms of the GNU General Public License as published by
   5:tmk_core/common/report.c ****  * the Free Software Foundation, either version 2 of the License, or
   6:tmk_core/common/report.c ****  * (at your option) any later version.
   7:tmk_core/common/report.c ****  *
   8:tmk_core/common/report.c ****  * This program is distributed in the hope that it will be useful,
   9:tmk_core/common/report.c ****  * but WITHOUT ANY WARRANTY; without even the implied warranty of
  10:tmk_core/common/report.c ****  * MERCHANTABILITY or FITNESS FOR A PARTICULAR PURPOSE.  See the
  11:tmk_core/common/report.c ****  * GNU General Public License for more details.
  12:tmk_core/common/report.c ****  *
  13:tmk_core/common/report.c ****  * You should have received a copy of the GNU General Public License
  14:tmk_core/common/report.c ****  * along with this program.  If not, see <http://www.gnu.org/licenses/>.
  15:tmk_core/common/report.c ****  */
  16:tmk_core/common/report.c **** 
  17:tmk_core/common/report.c **** #include "report.h"
  18:tmk_core/common/report.c **** #include "host.h"
  19:tmk_core/common/report.c **** #include "keycode_config.h"
  20:tmk_core/common/report.c **** #include "debug.h"
  21:tmk_core/common/report.c **** #include "util.h"
  22:tmk_core/common/report.c **** #include <string.h>
  23:tmk_core/common/report.c **** 
  24:tmk_core/common/report.c **** /** \brief has_anykey
  25:tmk_core/common/report.c ****  *
  26:tmk_core/common/report.c ****  * FIXME: Needs doc
  27:tmk_core/common/report.c ****  */
  28:tmk_core/common/report.c **** uint8_t has_anykey(report_keyboard_t* keyboard_report) {
  30              		.loc 1 28 56 view -0
  31              		.cfi_startproc
  32              		@ args = 0, pretend = 0, frame = 0
  33              		@ frame_needed = 0, uses_anonymous_args = 0
  34              		@ link register save eliminated.
  29:tmk_core/common/report.c ****     uint8_t  cnt = 0;
  35              		.loc 1 29 5 view .LVU1
  30:tmk_core/common/report.c ****     uint8_t* p   = keyboard_report->keys;
  36              		.loc 1 30 5 view .LVU2
  31:tmk_core/common/report.c ****     uint8_t  lp  = sizeof(keyboard_report->keys);
  32:tmk_core/common/report.c **** #ifdef NKRO_ENABLE
  33:tmk_core/common/report.c ****     if (keyboard_protocol && keymap_config.nkro) {
  37              		.loc 1 33 9 is_stmt 0 view .LVU3
  38 0000 0C4B     		ldr	r3, .L11
  39              		.loc 1 33 8 view .LVU4
  40 0002 1B78     		ldrb	r3, [r3]	@ zero_extendqisi2
  30:tmk_core/common/report.c ****     uint8_t* p   = keyboard_report->keys;
  41              		.loc 1 30 14 view .LVU5
  42 0004 821C     		adds	r2, r0, #2
  43              	.LVL1:
  31:tmk_core/common/report.c ****     uint8_t  lp  = sizeof(keyboard_report->keys);
  44              		.loc 1 31 5 is_stmt 1 view .LVU6
  45              		.loc 1 33 5 view .LVU7
  46              		.loc 1 33 8 is_stmt 0 view .LVU8
  47 0006 63B1     		cbz	r3, .L6
  48              		.loc 1 33 27 discriminator 1 view .LVU9
  49 0008 0B4B     		ldr	r3, .L11+4
  50 000a 93F90030 		ldrsb	r3, [r3]
  34:tmk_core/common/report.c ****         p  = keyboard_report->nkro.bits;
  35:tmk_core/common/report.c ****         lp = sizeof(keyboard_report->nkro.bits);
  51              		.loc 1 35 12 discriminator 1 view .LVU10
  52 000e 002B     		cmp	r3, #0
  53 0010 ACBF     		ite	ge
  54 0012 0623     		movge	r3, #6
  55 0014 1E23     		movlt	r3, #30
  56              	.L2:
  57              	.LVL2:
  58              		.loc 1 35 12 view .LVU11
  59 0016 0020     		movs	r0, #0
  60              	.LVL3:
  61              	.L3:
  36:tmk_core/common/report.c ****     }
  37:tmk_core/common/report.c **** #endif
  38:tmk_core/common/report.c ****     while (lp--) {
  62              		.loc 1 38 11 is_stmt 1 view .LVU12
  63              		.loc 1 38 14 is_stmt 0 view .LVU13
  64 0018 013B     		subs	r3, r3, #1
  65              	.LVL4:
  66              		.loc 1 38 14 view .LVU14
  67 001a DBB2     		uxtb	r3, r3
  68              	.LVL5:
  69              		.loc 1 38 11 view .LVU15
  70 001c FF2B     		cmp	r3, #255
  71 001e 02D1     		bne	.L5
  39:tmk_core/common/report.c ****         if (*p++) cnt++;
  40:tmk_core/common/report.c ****     }
  41:tmk_core/common/report.c ****     return cnt;
  72              		.loc 1 41 5 is_stmt 1 view .LVU16
  42:tmk_core/common/report.c **** }
  73              		.loc 1 42 1 is_stmt 0 view .LVU17
  74 0020 7047     		bx	lr
  75              	.LVL6:
  76              	.L6:
  31:tmk_core/common/report.c **** #ifdef NKRO_ENABLE
  77              		.loc 1 31 14 view .LVU18
  78 0022 0623     		movs	r3, #6
  79 0024 F7E7     		b	.L2
  80              	.LVL7:
  81              	.L5:
  39:tmk_core/common/report.c ****         if (*p++) cnt++;
  82              		.loc 1 39 9 is_stmt 1 view .LVU19
  39:tmk_core/common/report.c ****         if (*p++) cnt++;
  83              		.loc 1 39 12 is_stmt 0 view .LVU20
  84 0026 12F8011B 		ldrb	r1, [r2], #1	@ zero_extendqisi2
  85              	.LVL8:
  39:tmk_core/common/report.c ****         if (*p++) cnt++;
  86              		.loc 1 39 12 view .LVU21
  87 002a 0029     		cmp	r1, #0
  88 002c F4D0     		beq	.L3
  39:tmk_core/common/report.c ****         if (*p++) cnt++;
  89              		.loc 1 39 19 is_stmt 1 discriminator 1 view .LVU22
  39:tmk_core/common/report.c ****         if (*p++) cnt++;
  90              		.loc 1 39 22 is_stmt 0 discriminator 1 view .LVU23
  91 002e 0130     		adds	r0, r0, #1
  92              	.LVL9:
  39:tmk_core/common/report.c ****         if (*p++) cnt++;
  93              		.loc 1 39 22 discriminator 1 view .LVU24
  94 0030 C0B2     		uxtb	r0, r0
  95              	.LVL10:
  39:tmk_core/common/report.c ****         if (*p++) cnt++;
  96              		.loc 1 39 22 discriminator 1 view .LVU25
  97 0032 F1E7     		b	.L3
  98              	.L12:
  99              		.align	2
 100              	.L11:
 101 0034 00000000 		.word	keyboard_protocol
 102 0038 00000000 		.word	keymap_config
 103              		.cfi_endproc
 104              	.LFE280:
 106              		.section	.text.get_first_key,"ax",%progbits
 107              		.align	1
 108              		.global	get_first_key
 109              		.syntax unified
 110              		.thumb
 111              		.thumb_func
 112              		.fpu fpv4-sp-d16
 114              	get_first_key:
 115              	.LVL11:
 116              	.LFB281:
  43:tmk_core/common/report.c **** 
  44:tmk_core/common/report.c **** /** \brief get_first_key
  45:tmk_core/common/report.c ****  *
  46:tmk_core/common/report.c ****  * FIXME: Needs doc
  47:tmk_core/common/report.c ****  */
  48:tmk_core/common/report.c **** uint8_t get_first_key(report_keyboard_t* keyboard_report) {
 117              		.loc 1 48 59 is_stmt 1 view -0
 118              		.cfi_startproc
 119              		@ args = 0, pretend = 0, frame = 0
 120              		@ frame_needed = 0, uses_anonymous_args = 0
  49:tmk_core/common/report.c **** #ifdef NKRO_ENABLE
  50:tmk_core/common/report.c ****     if (keyboard_protocol && keymap_config.nkro) {
 121              		.loc 1 50 5 view .LVU27
  48:tmk_core/common/report.c **** #ifdef NKRO_ENABLE
 122              		.loc 1 48 59 is_stmt 0 view .LVU28
 123 0000 10B5     		push	{r4, lr}
 124              		.cfi_def_cfa_offset 8
 125              		.cfi_offset 4, -8
 126              		.cfi_offset 14, -4
 127              		.loc 1 50 9 view .LVU29
 128 0002 0E4B     		ldr	r3, .L24
 129              		.loc 1 50 8 view .LVU30
 130 0004 1B78     		ldrb	r3, [r3]	@ zero_extendqisi2
 131 0006 BBB1     		cbz	r3, .L14
 132              		.loc 1 50 27 discriminator 1 view .LVU31
 133 0008 0D4B     		ldr	r3, .L24+4
 134 000a 93F90030 		ldrsb	r3, [r3]
 135 000e 002B     		cmp	r3, #0
 136 0010 12DA     		bge	.L14
 137 0012 821C     		adds	r2, r0, #2
 138              		.loc 1 50 27 view .LVU32
 139 0014 0023     		movs	r3, #0
 140              	.L15:
 141              	.LBB2:
  51:tmk_core/common/report.c ****         uint8_t i = 0;
  52:tmk_core/common/report.c ****         for (; i < KEYBOARD_REPORT_BITS && !keyboard_report->nkro.bits[i]; i++)
 142              		.loc 1 52 71 discriminator 2 view .LVU33
 143 0016 12F8011B 		ldrb	r1, [r2], #1	@ zero_extendqisi2
 144 001a DCB2     		uxtb	r4, r3
 145              	.LVL12:
 146              		.loc 1 52 41 discriminator 2 view .LVU34
 147 001c 39B1     		cbz	r1, .L17
 148              	.LVL13:
 149              	.L16:
  53:tmk_core/common/report.c ****             ;
  54:tmk_core/common/report.c ****         return i << 3 | biton(keyboard_report->nkro.bits[i]);
 150              		.loc 1 54 9 is_stmt 1 view .LVU35
 151              		.loc 1 54 25 is_stmt 0 view .LVU36
 152 001e 2044     		add	r0, r0, r4
 153              	.LVL14:
 154              		.loc 1 54 25 view .LVU37
 155 0020 8078     		ldrb	r0, [r0, #2]	@ zero_extendqisi2
 156 0022 FFF7FEFF 		bl	biton
 157              	.LVL15:
 158              		.loc 1 54 23 view .LVU38
 159 0026 40EAC400 		orr	r0, r0, r4, lsl #3
 160 002a C0B2     		uxtb	r0, r0
 161              	.L18:
 162              		.loc 1 54 23 view .LVU39
 163              	.LBE2:
  55:tmk_core/common/report.c ****     }
  56:tmk_core/common/report.c **** #endif
  57:tmk_core/common/report.c **** #ifdef USB_6KRO_ENABLE
  58:tmk_core/common/report.c ****     uint8_t i = cb_head;
  59:tmk_core/common/report.c ****     do {
  60:tmk_core/common/report.c ****         if (keyboard_report->keys[i] != 0) {
  61:tmk_core/common/report.c ****             break;
  62:tmk_core/common/report.c ****         }
  63:tmk_core/common/report.c ****         i = RO_INC(i);
  64:tmk_core/common/report.c ****     } while (i != cb_tail);
  65:tmk_core/common/report.c ****     return keyboard_report->keys[i];
  66:tmk_core/common/report.c **** #else
  67:tmk_core/common/report.c ****     return keyboard_report->keys[0];
  68:tmk_core/common/report.c **** #endif
  69:tmk_core/common/report.c **** }
 164              		.loc 1 69 1 view .LVU40
 165 002c 10BD     		pop	{r4, pc}
 166              	.LVL16:
 167              	.L17:
 168              	.LBB3:
  53:tmk_core/common/report.c ****             ;
 169              		.loc 1 53 13 is_stmt 1 discriminator 3 view .LVU41
  52:tmk_core/common/report.c ****             ;
 170              		.loc 1 52 76 discriminator 3 view .LVU42
  52:tmk_core/common/report.c ****             ;
 171              		.loc 1 52 16 discriminator 3 view .LVU43
  52:tmk_core/common/report.c ****             ;
 172              		.loc 1 52 9 is_stmt 0 discriminator 3 view .LVU44
 173 002e 0133     		adds	r3, r3, #1
 174              	.LVL17:
  52:tmk_core/common/report.c ****             ;
 175              		.loc 1 52 9 discriminator 3 view .LVU45
 176 0030 1E2B     		cmp	r3, #30
 177 0032 F0D1     		bne	.L15
 178 0034 1C46     		mov	r4, r3
 179              	.LVL18:
  52:tmk_core/common/report.c ****             ;
 180              		.loc 1 52 9 discriminator 3 view .LVU46
 181 0036 F2E7     		b	.L16
 182              	.L14:
  52:tmk_core/common/report.c ****             ;
 183              		.loc 1 52 9 discriminator 3 view .LVU47
 184              	.LBE3:
  67:tmk_core/common/report.c **** #endif
 185              		.loc 1 67 5 is_stmt 1 view .LVU48
  67:tmk_core/common/report.c **** #endif
 186              		.loc 1 67 33 is_stmt 0 view .LVU49
 187 0038 8078     		ldrb	r0, [r0, #2]	@ zero_extendqisi2
 188              	.LVL19:
  67:tmk_core/common/report.c **** #endif
 189              		.loc 1 67 33 view .LVU50
 190 003a F7E7     		b	.L18
 191              	.L25:
 192              		.align	2
 193              	.L24:
 194 003c 00000000 		.word	keyboard_protocol
 195 0040 00000000 		.word	keymap_config
 196              		.cfi_endproc
 197              	.LFE281:
 199              		.section	.text.is_key_pressed,"ax",%progbits
 200              		.align	1
 201              		.global	is_key_pressed
 202              		.syntax unified
 203              		.thumb
 204              		.thumb_func
 205              		.fpu fpv4-sp-d16
 207              	is_key_pressed:
 208              	.LVL20:
 209              	.LFB282:
  70:tmk_core/common/report.c **** 
  71:tmk_core/common/report.c **** /** \brief Checks if a key is pressed in the report
  72:tmk_core/common/report.c ****  *
  73:tmk_core/common/report.c ****  * Returns true if the keyboard_report reports that the key is pressed, otherwise false
  74:tmk_core/common/report.c ****  * Note: The function doesn't support modifers currently, and it returns false for KC_NO
  75:tmk_core/common/report.c ****  */
  76:tmk_core/common/report.c **** bool is_key_pressed(report_keyboard_t* keyboard_report, uint8_t key) {
 210              		.loc 1 76 70 is_stmt 1 view -0
 211              		.cfi_startproc
 212              		@ args = 0, pretend = 0, frame = 0
 213              		@ frame_needed = 0, uses_anonymous_args = 0
 214              		@ link register save eliminated.
  77:tmk_core/common/report.c ****     if (key == KC_NO) {
 215              		.loc 1 77 5 view .LVU52
 216              		.loc 1 77 8 is_stmt 0 view .LVU53
 217 0000 F9B1     		cbz	r1, .L31
  78:tmk_core/common/report.c ****         return false;
  79:tmk_core/common/report.c ****     }
  80:tmk_core/common/report.c **** #ifdef NKRO_ENABLE
  81:tmk_core/common/report.c ****     if (keyboard_protocol && keymap_config.nkro) {
 218              		.loc 1 81 5 is_stmt 1 view .LVU54
 219              		.loc 1 81 9 is_stmt 0 view .LVU55
 220 0002 124B     		ldr	r3, .L38
 221              		.loc 1 81 8 view .LVU56
 222 0004 1B78     		ldrb	r3, [r3]	@ zero_extendqisi2
 223 0006 A3B1     		cbz	r3, .L28
 224              		.loc 1 81 27 discriminator 1 view .LVU57
 225 0008 114B     		ldr	r3, .L38+4
 226 000a 93F90030 		ldrsb	r3, [r3]
 227 000e 002B     		cmp	r3, #0
 228 0010 0FDA     		bge	.L28
  82:tmk_core/common/report.c ****         if ((key >> 3) < KEYBOARD_REPORT_BITS) {
 229              		.loc 1 82 9 is_stmt 1 view .LVU58
 230              		.loc 1 82 12 is_stmt 0 view .LVU59
 231 0012 EF29     		cmp	r1, #239
 232              		.loc 1 82 24 view .LVU60
 233 0014 4FEAD102 		lsr	r2, r1, #3
 234              		.loc 1 82 12 view .LVU61
 235 0018 13D8     		bhi	.L31
  83:tmk_core/common/report.c ****             return keyboard_report->nkro.bits[key >> 3] & 1 << (key & 7);
 236              		.loc 1 83 13 is_stmt 1 view .LVU62
 237              		.loc 1 83 46 is_stmt 0 view .LVU63
 238 001a 1044     		add	r0, r0, r2
 239              	.LVL21:
 240              		.loc 1 83 61 view .LVU64
 241 001c 0123     		movs	r3, #1
 242              		.loc 1 83 69 view .LVU65
 243 001e 01F00701 		and	r1, r1, #7
 244              	.LVL22:
 245              		.loc 1 83 61 view .LVU66
 246 0022 03FA01F1 		lsl	r1, r3, r1
 247              		.loc 1 83 46 view .LVU67
 248 0026 8378     		ldrb	r3, [r0, #2]	@ zero_extendqisi2
 249              		.loc 1 83 57 view .LVU68
 250 0028 1942     		tst	r1, r3
 251 002a 14BF     		ite	ne
 252 002c 0120     		movne	r0, #1
 253 002e 0020     		moveq	r0, #0
 254 0030 7047     		bx	lr
 255              	.LVL23:
 256              	.L28:
 257              		.loc 1 83 57 view .LVU69
 258 0032 831C     		adds	r3, r0, #2
 259 0034 0830     		adds	r0, r0, #8
 260              	.LVL24:
 261              	.L29:
 262              	.LBB4:
  84:tmk_core/common/report.c ****         } else {
  85:tmk_core/common/report.c ****             return false;
  86:tmk_core/common/report.c ****         }
  87:tmk_core/common/report.c ****     }
  88:tmk_core/common/report.c **** #endif
  89:tmk_core/common/report.c ****     for (int i = 0; i < KEYBOARD_REPORT_KEYS; i++) {
  90:tmk_core/common/report.c ****         if (keyboard_report->keys[i] == key) {
 263              		.loc 1 90 9 is_stmt 1 view .LVU70
 264              		.loc 1 90 34 is_stmt 0 view .LVU71
 265 0036 13F8012B 		ldrb	r2, [r3], #1	@ zero_extendqisi2
 266              	.LVL25:
 267              		.loc 1 90 12 view .LVU72
 268 003a 8A42     		cmp	r2, r1
 269 003c 03D0     		beq	.L32
  89:tmk_core/common/report.c ****         if (keyboard_report->keys[i] == key) {
 270              		.loc 1 89 47 is_stmt 1 discriminator 2 view .LVU73
 271              	.LVL26:
  89:tmk_core/common/report.c ****         if (keyboard_report->keys[i] == key) {
 272              		.loc 1 89 21 discriminator 2 view .LVU74
  89:tmk_core/common/report.c ****         if (keyboard_report->keys[i] == key) {
 273              		.loc 1 89 5 is_stmt 0 discriminator 2 view .LVU75
 274 003e 8342     		cmp	r3, r0
 275 0040 F9D1     		bne	.L29
 276              	.LVL27:
 277              	.L31:
  89:tmk_core/common/report.c ****         if (keyboard_report->keys[i] == key) {
 278              		.loc 1 89 5 discriminator 2 view .LVU76
 279              	.LBE4:
  78:tmk_core/common/report.c ****     }
 280              		.loc 1 78 16 view .LVU77
 281 0042 0020     		movs	r0, #0
 282 0044 7047     		bx	lr
 283              	.LVL28:
 284              	.L32:
 285              	.LBB5:
  91:tmk_core/common/report.c ****             return true;
 286              		.loc 1 91 20 view .LVU78
 287 0046 0120     		movs	r0, #1
 288              	.LVL29:
 289              		.loc 1 91 20 view .LVU79
 290              	.LBE5:
  92:tmk_core/common/report.c ****         }
  93:tmk_core/common/report.c ****     }
  94:tmk_core/common/report.c ****     return false;
  95:tmk_core/common/report.c **** }
 291              		.loc 1 95 1 view .LVU80
 292 0048 7047     		bx	lr
 293              	.L39:
 294 004a 00BF     		.align	2
 295              	.L38:
 296 004c 00000000 		.word	keyboard_protocol
 297 0050 00000000 		.word	keymap_config
 298              		.cfi_endproc
 299              	.LFE282:
 301              		.section	.text.add_key_byte,"ax",%progbits
 302              		.align	1
 303              		.global	add_key_byte
 304              		.syntax unified
 305              		.thumb
 306              		.thumb_func
 307              		.fpu fpv4-sp-d16
 309              	add_key_byte:
 310              	.LVL30:
 311              	.LFB283:
  96:tmk_core/common/report.c **** 
  97:tmk_core/common/report.c **** /** \brief add key byte
  98:tmk_core/common/report.c ****  *
  99:tmk_core/common/report.c ****  * FIXME: Needs doc
 100:tmk_core/common/report.c ****  */
 101:tmk_core/common/report.c **** void add_key_byte(report_keyboard_t* keyboard_report, uint8_t code) {
 312              		.loc 1 101 69 is_stmt 1 view -0
 313              		.cfi_startproc
 314              		@ args = 0, pretend = 0, frame = 0
 315              		@ frame_needed = 0, uses_anonymous_args = 0
 102:tmk_core/common/report.c **** #ifdef USB_6KRO_ENABLE
 103:tmk_core/common/report.c ****     int8_t i     = cb_head;
 104:tmk_core/common/report.c ****     int8_t empty = -1;
 105:tmk_core/common/report.c ****     if (cb_count) {
 106:tmk_core/common/report.c ****         do {
 107:tmk_core/common/report.c ****             if (keyboard_report->keys[i] == code) {
 108:tmk_core/common/report.c ****                 return;
 109:tmk_core/common/report.c ****             }
 110:tmk_core/common/report.c ****             if (empty == -1 && keyboard_report->keys[i] == 0) {
 111:tmk_core/common/report.c ****                 empty = i;
 112:tmk_core/common/report.c ****             }
 113:tmk_core/common/report.c ****             i = RO_INC(i);
 114:tmk_core/common/report.c ****         } while (i != cb_tail);
 115:tmk_core/common/report.c ****         if (i == cb_tail) {
 116:tmk_core/common/report.c ****             if (cb_tail == cb_head) {
 117:tmk_core/common/report.c ****                 // buffer is full
 118:tmk_core/common/report.c ****                 if (empty == -1) {
 119:tmk_core/common/report.c ****                     // pop head when has no empty space
 120:tmk_core/common/report.c ****                     cb_head = RO_INC(cb_head);
 121:tmk_core/common/report.c ****                     cb_count--;
 122:tmk_core/common/report.c ****                 } else {
 123:tmk_core/common/report.c ****                     // left shift when has empty space
 124:tmk_core/common/report.c ****                     uint8_t offset = 1;
 125:tmk_core/common/report.c ****                     i              = RO_INC(empty);
 126:tmk_core/common/report.c ****                     do {
 127:tmk_core/common/report.c ****                         if (keyboard_report->keys[i] != 0) {
 128:tmk_core/common/report.c ****                             keyboard_report->keys[empty] = keyboard_report->keys[i];
 129:tmk_core/common/report.c ****                             keyboard_report->keys[i]     = 0;
 130:tmk_core/common/report.c ****                             empty                        = RO_INC(empty);
 131:tmk_core/common/report.c ****                         } else {
 132:tmk_core/common/report.c ****                             offset++;
 133:tmk_core/common/report.c ****                         }
 134:tmk_core/common/report.c ****                         i = RO_INC(i);
 135:tmk_core/common/report.c ****                     } while (i != cb_tail);
 136:tmk_core/common/report.c ****                     cb_tail = RO_SUB(cb_tail, offset);
 137:tmk_core/common/report.c ****                 }
 138:tmk_core/common/report.c ****             }
 139:tmk_core/common/report.c ****         }
 140:tmk_core/common/report.c ****     }
 141:tmk_core/common/report.c ****     // add to tail
 142:tmk_core/common/report.c ****     keyboard_report->keys[cb_tail] = code;
 143:tmk_core/common/report.c ****     cb_tail                        = RO_INC(cb_tail);
 144:tmk_core/common/report.c ****     cb_count++;
 145:tmk_core/common/report.c **** #else
 146:tmk_core/common/report.c ****     int8_t i     = 0;
 316              		.loc 1 146 5 view .LVU82
 147:tmk_core/common/report.c ****     int8_t empty = -1;
 317              		.loc 1 147 5 view .LVU83
 148:tmk_core/common/report.c ****     for (; i < KEYBOARD_REPORT_KEYS; i++) {
 318              		.loc 1 148 5 view .LVU84
 319              		.loc 1 148 12 view .LVU85
 101:tmk_core/common/report.c **** #ifdef USB_6KRO_ENABLE
 320              		.loc 1 101 69 is_stmt 0 view .LVU86
 321 0000 30B5     		push	{r4, r5, lr}
 322              		.cfi_def_cfa_offset 12
 323              		.cfi_offset 4, -12
 324              		.cfi_offset 5, -8
 325              		.cfi_offset 14, -4
 147:tmk_core/common/report.c ****     int8_t empty = -1;
 326              		.loc 1 147 12 view .LVU87
 327 0002 4FF0FF32 		mov	r2, #-1
 328 0006 841C     		adds	r4, r0, #2
 146:tmk_core/common/report.c ****     int8_t empty = -1;
 329              		.loc 1 146 12 view .LVU88
 330 0008 0023     		movs	r3, #0
 331              	.LVL31:
 332              	.L43:
 149:tmk_core/common/report.c ****         if (keyboard_report->keys[i] == code) {
 333              		.loc 1 149 9 is_stmt 1 view .LVU89
 334              		.loc 1 149 34 is_stmt 0 view .LVU90
 335 000a 14F8015B 		ldrb	r5, [r4], #1	@ zero_extendqisi2
 336              		.loc 1 149 12 view .LVU91
 337 000e 8D42     		cmp	r5, r1
 338 0010 0ED0     		beq	.L40
 150:tmk_core/common/report.c ****             break;
 151:tmk_core/common/report.c ****         }
 152:tmk_core/common/report.c ****         if (empty == -1 && keyboard_report->keys[i] == 0) {
 339              		.loc 1 152 9 is_stmt 1 view .LVU92
 340              		.loc 1 152 12 is_stmt 0 view .LVU93
 341 0012 B2F1FF3F 		cmp	r2, #-1
 342 0016 02D1     		bne	.L42
 343              		.loc 1 152 25 discriminator 1 view .LVU94
 344 0018 002D     		cmp	r5, #0
 345 001a 08BF     		it	eq
 346 001c 1A46     		moveq	r2, r3
 347              	.LVL32:
 348              	.L42:
 148:tmk_core/common/report.c ****         if (keyboard_report->keys[i] == code) {
 349              		.loc 1 148 38 is_stmt 1 view .LVU95
 350 001e 0133     		adds	r3, r3, #1
 351              	.LVL33:
 148:tmk_core/common/report.c ****         if (keyboard_report->keys[i] == code) {
 352              		.loc 1 148 38 is_stmt 0 view .LVU96
 353 0020 DDB2     		uxtb	r5, r3
 148:tmk_core/common/report.c ****         if (keyboard_report->keys[i] == code) {
 354              		.loc 1 148 5 view .LVU97
 355 0022 062D     		cmp	r5, #6
 356 0024 5BB2     		sxtb	r3, r3
 357              	.LVL34:
 148:tmk_core/common/report.c ****         if (keyboard_report->keys[i] == code) {
 358              		.loc 1 148 12 is_stmt 1 view .LVU98
 148:tmk_core/common/report.c ****         if (keyboard_report->keys[i] == code) {
 359              		.loc 1 148 5 is_stmt 0 view .LVU99
 360 0026 F0D1     		bne	.L43
 153:tmk_core/common/report.c ****             empty = i;
 154:tmk_core/common/report.c ****         }
 155:tmk_core/common/report.c ****     }
 156:tmk_core/common/report.c ****     if (i == KEYBOARD_REPORT_KEYS) {
 361              		.loc 1 156 5 is_stmt 1 view .LVU100
 157:tmk_core/common/report.c ****         if (empty != -1) {
 362              		.loc 1 157 9 view .LVU101
 363              		.loc 1 157 12 is_stmt 0 view .LVU102
 364 0028 531C     		adds	r3, r2, #1
 365              	.LVL35:
 366              		.loc 1 157 12 view .LVU103
 367 002a 01D0     		beq	.L40
 158:tmk_core/common/report.c ****             keyboard_report->keys[empty] = code;
 368              		.loc 1 158 13 is_stmt 1 view .LVU104
 369              		.loc 1 158 42 is_stmt 0 view .LVU105
 370 002c 1044     		add	r0, r0, r2
 371              	.LVL36:
 372              		.loc 1 158 42 view .LVU106
 373 002e 8170     		strb	r1, [r0, #2]
 374              	.LVL37:
 375              	.L40:
 159:tmk_core/common/report.c ****         }
 160:tmk_core/common/report.c ****     }
 161:tmk_core/common/report.c **** #endif
 162:tmk_core/common/report.c **** }
 376              		.loc 1 162 1 view .LVU107
 377 0030 30BD     		pop	{r4, r5, pc}
 378              		.cfi_endproc
 379              	.LFE283:
 381              		.section	.text.del_key_byte,"ax",%progbits
 382              		.align	1
 383              		.global	del_key_byte
 384              		.syntax unified
 385              		.thumb
 386              		.thumb_func
 387              		.fpu fpv4-sp-d16
 389              	del_key_byte:
 390              	.LVL38:
 391              	.LFB284:
 163:tmk_core/common/report.c **** 
 164:tmk_core/common/report.c **** /** \brief del key byte
 165:tmk_core/common/report.c ****  *
 166:tmk_core/common/report.c ****  * FIXME: Needs doc
 167:tmk_core/common/report.c ****  */
 168:tmk_core/common/report.c **** void del_key_byte(report_keyboard_t* keyboard_report, uint8_t code) {
 392              		.loc 1 168 69 is_stmt 1 view -0
 393              		.cfi_startproc
 394              		@ args = 0, pretend = 0, frame = 0
 395              		@ frame_needed = 0, uses_anonymous_args = 0
 169:tmk_core/common/report.c **** #ifdef USB_6KRO_ENABLE
 170:tmk_core/common/report.c ****     uint8_t i = cb_head;
 171:tmk_core/common/report.c ****     if (cb_count) {
 172:tmk_core/common/report.c ****         do {
 173:tmk_core/common/report.c ****             if (keyboard_report->keys[i] == code) {
 174:tmk_core/common/report.c ****                 keyboard_report->keys[i] = 0;
 175:tmk_core/common/report.c ****                 cb_count--;
 176:tmk_core/common/report.c ****                 if (cb_count == 0) {
 177:tmk_core/common/report.c ****                     // reset head and tail
 178:tmk_core/common/report.c ****                     cb_tail = cb_head = 0;
 179:tmk_core/common/report.c ****                 }
 180:tmk_core/common/report.c ****                 if (i == RO_DEC(cb_tail)) {
 181:tmk_core/common/report.c ****                     // left shift when next to tail
 182:tmk_core/common/report.c ****                     do {
 183:tmk_core/common/report.c ****                         cb_tail = RO_DEC(cb_tail);
 184:tmk_core/common/report.c ****                         if (keyboard_report->keys[RO_DEC(cb_tail)] != 0) {
 185:tmk_core/common/report.c ****                             break;
 186:tmk_core/common/report.c ****                         }
 187:tmk_core/common/report.c ****                     } while (cb_tail != cb_head);
 188:tmk_core/common/report.c ****                 }
 189:tmk_core/common/report.c ****                 break;
 190:tmk_core/common/report.c ****             }
 191:tmk_core/common/report.c ****             i = RO_INC(i);
 192:tmk_core/common/report.c ****         } while (i != cb_tail);
 193:tmk_core/common/report.c ****     }
 194:tmk_core/common/report.c **** #else
 195:tmk_core/common/report.c ****     for (uint8_t i = 0; i < KEYBOARD_REPORT_KEYS; i++) {
 396              		.loc 1 195 5 view .LVU109
 397              	.LBB6:
 398              		.loc 1 195 10 view .LVU110
 399              		.loc 1 195 25 view .LVU111
 400              	.LBE6:
 168:tmk_core/common/report.c **** #ifdef USB_6KRO_ENABLE
 401              		.loc 1 168 69 is_stmt 0 view .LVU112
 402 0000 10B5     		push	{r4, lr}
 403              		.cfi_def_cfa_offset 8
 404              		.cfi_offset 4, -8
 405              		.cfi_offset 14, -4
 406 0002 831C     		adds	r3, r0, #2
 407              	.LBB7:
 196:tmk_core/common/report.c ****         if (keyboard_report->keys[i] == code) {
 197:tmk_core/common/report.c ****             keyboard_report->keys[i] = 0;
 408              		.loc 1 197 38 view .LVU113
 409 0004 0022     		movs	r2, #0
 410 0006 0830     		adds	r0, r0, #8
 411              	.LVL39:
 412              	.L50:
 196:tmk_core/common/report.c ****         if (keyboard_report->keys[i] == code) {
 413              		.loc 1 196 9 is_stmt 1 view .LVU114
 196:tmk_core/common/report.c ****         if (keyboard_report->keys[i] == code) {
 414              		.loc 1 196 34 is_stmt 0 view .LVU115
 415 0008 13F8014B 		ldrb	r4, [r3], #1	@ zero_extendqisi2
 416              	.LVL40:
 196:tmk_core/common/report.c ****         if (keyboard_report->keys[i] == code) {
 417              		.loc 1 196 12 view .LVU116
 418 000c 8C42     		cmp	r4, r1
 419              		.loc 1 197 13 is_stmt 1 view .LVU117
 420              		.loc 1 197 38 is_stmt 0 view .LVU118
 421 000e 08BF     		it	eq
 422 0010 03F8012C 		strbeq	r2, [r3, #-1]
 195:tmk_core/common/report.c ****         if (keyboard_report->keys[i] == code) {
 423              		.loc 1 195 51 is_stmt 1 view .LVU119
 424              	.LVL41:
 195:tmk_core/common/report.c ****         if (keyboard_report->keys[i] == code) {
 425              		.loc 1 195 25 view .LVU120
 195:tmk_core/common/report.c ****         if (keyboard_report->keys[i] == code) {
 426              		.loc 1 195 5 is_stmt 0 view .LVU121
 427 0014 8342     		cmp	r3, r0
 428 0016 F7D1     		bne	.L50
 429              	.LBE7:
 198:tmk_core/common/report.c ****         }
 199:tmk_core/common/report.c ****     }
 200:tmk_core/common/report.c **** #endif
 201:tmk_core/common/report.c **** }
 430              		.loc 1 201 1 view .LVU122
 431 0018 10BD     		pop	{r4, pc}
 432              		.cfi_endproc
 433              	.LFE284:
 435              		.section	.text.add_key_bit,"ax",%progbits
 436              		.align	1
 437              		.global	add_key_bit
 438              		.syntax unified
 439              		.thumb
 440              		.thumb_func
 441              		.fpu fpv4-sp-d16
 443              	add_key_bit:
 444              	.LVL42:
 445              	.LFB285:
 202:tmk_core/common/report.c **** 
 203:tmk_core/common/report.c **** #ifdef NKRO_ENABLE
 204:tmk_core/common/report.c **** /** \brief add key bit
 205:tmk_core/common/report.c ****  *
 206:tmk_core/common/report.c ****  * FIXME: Needs doc
 207:tmk_core/common/report.c ****  */
 208:tmk_core/common/report.c **** void add_key_bit(report_keyboard_t* keyboard_report, uint8_t code) {
 446              		.loc 1 208 68 is_stmt 1 view -0
 447              		.cfi_startproc
 448              		@ args = 0, pretend = 0, frame = 0
 449              		@ frame_needed = 0, uses_anonymous_args = 0
 450              		@ link register save eliminated.
 209:tmk_core/common/report.c ****     if ((code >> 3) < KEYBOARD_REPORT_BITS) {
 451              		.loc 1 209 5 view .LVU124
 452              		.loc 1 209 8 is_stmt 0 view .LVU125
 453 0000 EF29     		cmp	r1, #239
 454              		.loc 1 209 21 view .LVU126
 455 0002 4FEAD103 		lsr	r3, r1, #3
 456              		.loc 1 209 8 view .LVU127
 457 0006 08D8     		bhi	.L52
 210:tmk_core/common/report.c ****         keyboard_report->nkro.bits[code >> 3] |= 1 << (code & 7);
 458              		.loc 1 210 9 is_stmt 1 view .LVU128
 459              		.loc 1 210 47 is_stmt 0 view .LVU129
 460 0008 1844     		add	r0, r0, r3
 461              	.LVL43:
 462              		.loc 1 210 61 view .LVU130
 463 000a 01F00701 		and	r1, r1, #7
 464              	.LVL44:
 465              		.loc 1 210 52 view .LVU131
 466 000e 0123     		movs	r3, #1
 467 0010 03FA01F1 		lsl	r1, r3, r1
 468              		.loc 1 210 47 view .LVU132
 469 0014 8378     		ldrb	r3, [r0, #2]	@ zero_extendqisi2
 470 0016 1943     		orrs	r1, r1, r3
 471 0018 8170     		strb	r1, [r0, #2]
 211:tmk_core/common/report.c ****     } else {
 212:tmk_core/common/report.c ****         dprintf("add_key_bit: can't add: %02X\n", code);
 472              		.loc 1 212 56 is_stmt 1 view .LVU133
 473              	.L52:
 213:tmk_core/common/report.c ****     }
 214:tmk_core/common/report.c **** }
 474              		.loc 1 214 1 is_stmt 0 view .LVU134
 475 001a 7047     		bx	lr
 476              		.cfi_endproc
 477              	.LFE285:
 479              		.section	.text.del_key_bit,"ax",%progbits
 480              		.align	1
 481              		.global	del_key_bit
 482              		.syntax unified
 483              		.thumb
 484              		.thumb_func
 485              		.fpu fpv4-sp-d16
 487              	del_key_bit:
 488              	.LVL45:
 489              	.LFB286:
 215:tmk_core/common/report.c **** 
 216:tmk_core/common/report.c **** /** \brief del key bit
 217:tmk_core/common/report.c ****  *
 218:tmk_core/common/report.c ****  * FIXME: Needs doc
 219:tmk_core/common/report.c ****  */
 220:tmk_core/common/report.c **** void del_key_bit(report_keyboard_t* keyboard_report, uint8_t code) {
 490              		.loc 1 220 68 is_stmt 1 view -0
 491              		.cfi_startproc
 492              		@ args = 0, pretend = 0, frame = 0
 493              		@ frame_needed = 0, uses_anonymous_args = 0
 494              		@ link register save eliminated.
 221:tmk_core/common/report.c ****     if ((code >> 3) < KEYBOARD_REPORT_BITS) {
 495              		.loc 1 221 5 view .LVU136
 496              		.loc 1 221 8 is_stmt 0 view .LVU137
 497 0000 EF29     		cmp	r1, #239
 498              		.loc 1 221 21 view .LVU138
 499 0002 4FEAD103 		lsr	r3, r1, #3
 500              		.loc 1 221 8 view .LVU139
 501 0006 08D8     		bhi	.L54
 222:tmk_core/common/report.c ****         keyboard_report->nkro.bits[code >> 3] &= ~(1 << (code & 7));
 502              		.loc 1 222 9 is_stmt 1 view .LVU140
 503              		.loc 1 222 47 is_stmt 0 view .LVU141
 504 0008 1844     		add	r0, r0, r3
 505              	.LVL46:
 506              		.loc 1 222 63 view .LVU142
 507 000a 01F00701 		and	r1, r1, #7
 508              	.LVL47:
 509              		.loc 1 222 54 view .LVU143
 510 000e 0123     		movs	r3, #1
 511 0010 8B40     		lsls	r3, r3, r1
 512              		.loc 1 222 47 view .LVU144
 513 0012 8178     		ldrb	r1, [r0, #2]	@ zero_extendqisi2
 514 0014 21EA0301 		bic	r1, r1, r3
 515 0018 8170     		strb	r1, [r0, #2]
 223:tmk_core/common/report.c ****     } else {
 224:tmk_core/common/report.c ****         dprintf("del_key_bit: can't del: %02X\n", code);
 516              		.loc 1 224 56 is_stmt 1 view .LVU145
 517              	.L54:
 225:tmk_core/common/report.c ****     }
 226:tmk_core/common/report.c **** }
 518              		.loc 1 226 1 is_stmt 0 view .LVU146
 519 001a 7047     		bx	lr
 520              		.cfi_endproc
 521              	.LFE286:
 523              		.section	.text.add_key_to_report,"ax",%progbits
 524              		.align	1
 525              		.global	add_key_to_report
 526              		.syntax unified
 527              		.thumb
 528              		.thumb_func
 529              		.fpu fpv4-sp-d16
 531              	add_key_to_report:
 532              	.LVL48:
 533              	.LFB287:
 227:tmk_core/common/report.c **** #endif
 228:tmk_core/common/report.c **** 
 229:tmk_core/common/report.c **** /** \brief add key to report
 230:tmk_core/common/report.c ****  *
 231:tmk_core/common/report.c ****  * FIXME: Needs doc
 232:tmk_core/common/report.c ****  */
 233:tmk_core/common/report.c **** void add_key_to_report(report_keyboard_t* keyboard_report, uint8_t key) {
 534              		.loc 1 233 73 is_stmt 1 view -0
 535              		.cfi_startproc
 536              		@ args = 0, pretend = 0, frame = 0
 537              		@ frame_needed = 0, uses_anonymous_args = 0
 538              		@ link register save eliminated.
 234:tmk_core/common/report.c **** #ifdef NKRO_ENABLE
 235:tmk_core/common/report.c ****     if (keyboard_protocol && keymap_config.nkro) {
 539              		.loc 1 235 5 view .LVU148
 233:tmk_core/common/report.c **** #ifdef NKRO_ENABLE
 540              		.loc 1 233 73 is_stmt 0 view .LVU149
 541 0000 10B4     		push	{r4}
 542              		.cfi_def_cfa_offset 4
 543              		.cfi_offset 4, -4
 544              		.loc 1 235 9 view .LVU150
 545 0002 0A4C     		ldr	r4, .L61
 546              		.loc 1 235 8 view .LVU151
 547 0004 2478     		ldrb	r4, [r4]	@ zero_extendqisi2
 233:tmk_core/common/report.c **** #ifdef NKRO_ENABLE
 548              		.loc 1 233 73 view .LVU152
 549 0006 0346     		mov	r3, r0
 550 0008 0A46     		mov	r2, r1
 551              		.loc 1 235 8 view .LVU153
 552 000a 44B1     		cbz	r4, .L57
 553              		.loc 1 235 27 discriminator 1 view .LVU154
 554 000c 084C     		ldr	r4, .L61+4
 555 000e 94F90040 		ldrsb	r4, [r4]
 556 0012 002C     		cmp	r4, #0
 557 0014 03DA     		bge	.L57
 236:tmk_core/common/report.c ****         add_key_bit(keyboard_report, key);
 558              		.loc 1 236 9 is_stmt 1 view .LVU155
 237:tmk_core/common/report.c ****         return;
 238:tmk_core/common/report.c ****     }
 239:tmk_core/common/report.c **** #endif
 240:tmk_core/common/report.c ****     add_key_byte(keyboard_report, key);
 241:tmk_core/common/report.c **** }
 559              		.loc 1 241 1 is_stmt 0 view .LVU156
 560 0016 5DF8044B 		ldr	r4, [sp], #4
 561              		.cfi_remember_state
 562              		.cfi_restore 4
 563              		.cfi_def_cfa_offset 0
 236:tmk_core/common/report.c ****         add_key_bit(keyboard_report, key);
 564              		.loc 1 236 9 view .LVU157
 565 001a FFF7FEBF 		b	add_key_bit
 566              	.LVL49:
 567              	.L57:
 568              		.cfi_restore_state
 240:tmk_core/common/report.c **** }
 569              		.loc 1 240 5 is_stmt 1 view .LVU158
 570              		.loc 1 241 1 is_stmt 0 view .LVU159
 571 001e 5DF8044B 		ldr	r4, [sp], #4
 572              		.cfi_restore 4
 573              		.cfi_def_cfa_offset 0
 240:tmk_core/common/report.c **** }
 574              		.loc 1 240 5 view .LVU160
 575 0022 1146     		mov	r1, r2
 576              	.LVL50:
 240:tmk_core/common/report.c **** }
 577              		.loc 1 240 5 view .LVU161
 578 0024 1846     		mov	r0, r3
 579              	.LVL51:
 240:tmk_core/common/report.c **** }
 580              		.loc 1 240 5 view .LVU162
 581 0026 FFF7FEBF 		b	add_key_byte
 582              	.LVL52:
 583              	.L62:
 240:tmk_core/common/report.c **** }
 584              		.loc 1 240 5 view .LVU163
 585 002a 00BF     		.align	2
 586              	.L61:
 587 002c 00000000 		.word	keyboard_protocol
 588 0030 00000000 		.word	keymap_config
 589              		.cfi_endproc
 590              	.LFE287:
 592              		.section	.text.del_key_from_report,"ax",%progbits
 593              		.align	1
 594              		.global	del_key_from_report
 595              		.syntax unified
 596              		.thumb
 597              		.thumb_func
 598              		.fpu fpv4-sp-d16
 600              	del_key_from_report:
 601              	.LVL53:
 602              	.LFB288:
 242:tmk_core/common/report.c **** 
 243:tmk_core/common/report.c **** /** \brief del key from report
 244:tmk_core/common/report.c ****  *
 245:tmk_core/common/report.c ****  * FIXME: Needs doc
 246:tmk_core/common/report.c ****  */
 247:tmk_core/common/report.c **** void del_key_from_report(report_keyboard_t* keyboard_report, uint8_t key) {
 603              		.loc 1 247 75 is_stmt 1 view -0
 604              		.cfi_startproc
 605              		@ args = 0, pretend = 0, frame = 0
 606              		@ frame_needed = 0, uses_anonymous_args = 0
 607              		@ link register save eliminated.
 248:tmk_core/common/report.c **** #ifdef NKRO_ENABLE
 249:tmk_core/common/report.c ****     if (keyboard_protocol && keymap_config.nkro) {
 608              		.loc 1 249 5 view .LVU165
 247:tmk_core/common/report.c **** #ifdef NKRO_ENABLE
 609              		.loc 1 247 75 is_stmt 0 view .LVU166
 610 0000 10B4     		push	{r4}
 611              		.cfi_def_cfa_offset 4
 612              		.cfi_offset 4, -4
 613              		.loc 1 249 9 view .LVU167
 614 0002 0A4C     		ldr	r4, .L68
 615              		.loc 1 249 8 view .LVU168
 616 0004 2478     		ldrb	r4, [r4]	@ zero_extendqisi2
 247:tmk_core/common/report.c **** #ifdef NKRO_ENABLE
 617              		.loc 1 247 75 view .LVU169
 618 0006 0346     		mov	r3, r0
 619 0008 0A46     		mov	r2, r1
 620              		.loc 1 249 8 view .LVU170
 621 000a 44B1     		cbz	r4, .L64
 622              		.loc 1 249 27 discriminator 1 view .LVU171
 623 000c 084C     		ldr	r4, .L68+4
 624 000e 94F90040 		ldrsb	r4, [r4]
 625 0012 002C     		cmp	r4, #0
 626 0014 03DA     		bge	.L64
 250:tmk_core/common/report.c ****         del_key_bit(keyboard_report, key);
 627              		.loc 1 250 9 is_stmt 1 view .LVU172
 251:tmk_core/common/report.c ****         return;
 252:tmk_core/common/report.c ****     }
 253:tmk_core/common/report.c **** #endif
 254:tmk_core/common/report.c ****     del_key_byte(keyboard_report, key);
 255:tmk_core/common/report.c **** }
 628              		.loc 1 255 1 is_stmt 0 view .LVU173
 629 0016 5DF8044B 		ldr	r4, [sp], #4
 630              		.cfi_remember_state
 631              		.cfi_restore 4
 632              		.cfi_def_cfa_offset 0
 250:tmk_core/common/report.c ****         del_key_bit(keyboard_report, key);
 633              		.loc 1 250 9 view .LVU174
 634 001a FFF7FEBF 		b	del_key_bit
 635              	.LVL54:
 636              	.L64:
 637              		.cfi_restore_state
 254:tmk_core/common/report.c **** }
 638              		.loc 1 254 5 is_stmt 1 view .LVU175
 639              		.loc 1 255 1 is_stmt 0 view .LVU176
 640 001e 5DF8044B 		ldr	r4, [sp], #4
 641              		.cfi_restore 4
 642              		.cfi_def_cfa_offset 0
 254:tmk_core/common/report.c **** }
 643              		.loc 1 254 5 view .LVU177
 644 0022 1146     		mov	r1, r2
 645              	.LVL55:
 254:tmk_core/common/report.c **** }
 646              		.loc 1 254 5 view .LVU178
 647 0024 1846     		mov	r0, r3
 648              	.LVL56:
 254:tmk_core/common/report.c **** }
 649              		.loc 1 254 5 view .LVU179
 650 0026 FFF7FEBF 		b	del_key_byte
 651              	.LVL57:
 652              	.L69:
 254:tmk_core/common/report.c **** }
 653              		.loc 1 254 5 view .LVU180
 654 002a 00BF     		.align	2
 655              	.L68:
 656 002c 00000000 		.word	keyboard_protocol
 657 0030 00000000 		.word	keymap_config
 658              		.cfi_endproc
 659              	.LFE288:
 661              		.section	.text.clear_keys_from_report,"ax",%progbits
 662              		.align	1
 663              		.global	clear_keys_from_report
 664              		.syntax unified
 665              		.thumb
 666              		.thumb_func
 667              		.fpu fpv4-sp-d16
 669              	clear_keys_from_report:
 670              	.LVL58:
 671              	.LFB289:
 256:tmk_core/common/report.c **** 
 257:tmk_core/common/report.c **** /** \brief clear key from report
 258:tmk_core/common/report.c ****  *
 259:tmk_core/common/report.c ****  * FIXME: Needs doc
 260:tmk_core/common/report.c ****  */
 261:tmk_core/common/report.c **** void clear_keys_from_report(report_keyboard_t* keyboard_report) {
 672              		.loc 1 261 65 is_stmt 1 view -0
 673              		.cfi_startproc
 674              		@ args = 0, pretend = 0, frame = 0
 675              		@ frame_needed = 0, uses_anonymous_args = 0
 676              		@ link register save eliminated.
 262:tmk_core/common/report.c ****     // not clear mods
 263:tmk_core/common/report.c **** #ifdef NKRO_ENABLE
 264:tmk_core/common/report.c ****     if (keyboard_protocol && keymap_config.nkro) {
 677              		.loc 1 264 5 view .LVU182
 678              		.loc 1 264 9 is_stmt 0 view .LVU183
 679 0000 094A     		ldr	r2, .L75
 680              		.loc 1 264 8 view .LVU184
 681 0002 1278     		ldrb	r2, [r2]	@ zero_extendqisi2
 265:tmk_core/common/report.c ****         memset(keyboard_report->nkro.bits, 0, sizeof(keyboard_report->nkro.bits));
 682              		.loc 1 265 37 view .LVU185
 683 0004 831C     		adds	r3, r0, #2
 264:tmk_core/common/report.c ****         memset(keyboard_report->nkro.bits, 0, sizeof(keyboard_report->nkro.bits));
 684              		.loc 1 264 8 view .LVU186
 685 0006 4AB1     		cbz	r2, .L71
 264:tmk_core/common/report.c ****         memset(keyboard_report->nkro.bits, 0, sizeof(keyboard_report->nkro.bits));
 686              		.loc 1 264 27 discriminator 1 view .LVU187
 687 0008 084A     		ldr	r2, .L75+4
 688 000a 92F90020 		ldrsb	r2, [r2]
 689 000e 002A     		cmp	r2, #0
 690 0010 04DA     		bge	.L71
 691              		.loc 1 265 9 is_stmt 1 view .LVU188
 692 0012 1E22     		movs	r2, #30
 693 0014 0021     		movs	r1, #0
 694 0016 1846     		mov	r0, r3
 695              	.LVL59:
 696              		.loc 1 265 9 is_stmt 0 view .LVU189
 697 0018 FFF7FEBF 		b	memset
 698              	.LVL60:
 699              	.L71:
 266:tmk_core/common/report.c ****         return;
 267:tmk_core/common/report.c ****     }
 268:tmk_core/common/report.c **** #endif
 269:tmk_core/common/report.c ****     memset(keyboard_report->keys, 0, sizeof(keyboard_report->keys));
 700              		.loc 1 269 5 is_stmt 1 view .LVU190
 701 001c 0022     		movs	r2, #0
 702 001e C0F80220 		str	r2, [r0, #2]	@ unaligned
 703 0022 9A80     		strh	r2, [r3, #4]	@ unaligned
 270:tmk_core/common/report.c **** }
 704              		.loc 1 270 1 is_stmt 0 view .LVU191
 705 0024 7047     		bx	lr
 706              	.L76:
 707 0026 00BF     		.align	2
 708              	.L75:
 709 0028 00000000 		.word	keyboard_protocol
 710 002c 00000000 		.word	keymap_config
 711              		.cfi_endproc
 712              	.LFE289:
 714              		.text
 715              	.Letext0:
 716              		.file 2 "c:\\qmk_msys\\mingw64\\arm-none-eabi\\include\\machine\\_default_types.h"
 717              		.file 3 "c:\\qmk_msys\\mingw64\\arm-none-eabi\\include\\sys\\_stdint.h"
 718              		.file 4 "tmk_core/common/report.h"
 719              		.file 5 "quantum/keycode_config.h"
 720              		.file 6 "tmk_core/common/host.h"
 721              		.file 7 "tmk_core/common/keycode.h"
 722              		.file 8 "<built-in>"
 723              		.file 9 "quantum/bitwise.h"
DEFINED SYMBOLS
                            *ABS*:0000000000000000 report.c
C:\Users\lhanj\AppData\Local\Temp\ccNtXJ4i.s:18     .text.has_anykey:0000000000000000 $t
C:\Users\lhanj\AppData\Local\Temp\ccNtXJ4i.s:26     .text.has_anykey:0000000000000000 has_anykey
C:\Users\lhanj\AppData\Local\Temp\ccNtXJ4i.s:101    .text.has_anykey:0000000000000034 $d
C:\Users\lhanj\AppData\Local\Temp\ccNtXJ4i.s:107    .text.get_first_key:0000000000000000 $t
C:\Users\lhanj\AppData\Local\Temp\ccNtXJ4i.s:114    .text.get_first_key:0000000000000000 get_first_key
C:\Users\lhanj\AppData\Local\Temp\ccNtXJ4i.s:194    .text.get_first_key:000000000000003c $d
C:\Users\lhanj\AppData\Local\Temp\ccNtXJ4i.s:200    .text.is_key_pressed:0000000000000000 $t
C:\Users\lhanj\AppData\Local\Temp\ccNtXJ4i.s:207    .text.is_key_pressed:0000000000000000 is_key_pressed
C:\Users\lhanj\AppData\Local\Temp\ccNtXJ4i.s:296    .text.is_key_pressed:000000000000004c $d
C:\Users\lhanj\AppData\Local\Temp\ccNtXJ4i.s:302    .text.add_key_byte:0000000000000000 $t
C:\Users\lhanj\AppData\Local\Temp\ccNtXJ4i.s:309    .text.add_key_byte:0000000000000000 add_key_byte
C:\Users\lhanj\AppData\Local\Temp\ccNtXJ4i.s:382    .text.del_key_byte:0000000000000000 $t
C:\Users\lhanj\AppData\Local\Temp\ccNtXJ4i.s:389    .text.del_key_byte:0000000000000000 del_key_byte
C:\Users\lhanj\AppData\Local\Temp\ccNtXJ4i.s:436    .text.add_key_bit:0000000000000000 $t
C:\Users\lhanj\AppData\Local\Temp\ccNtXJ4i.s:443    .text.add_key_bit:0000000000000000 add_key_bit
C:\Users\lhanj\AppData\Local\Temp\ccNtXJ4i.s:480    .text.del_key_bit:0000000000000000 $t
C:\Users\lhanj\AppData\Local\Temp\ccNtXJ4i.s:487    .text.del_key_bit:0000000000000000 del_key_bit
C:\Users\lhanj\AppData\Local\Temp\ccNtXJ4i.s:524    .text.add_key_to_report:0000000000000000 $t
C:\Users\lhanj\AppData\Local\Temp\ccNtXJ4i.s:531    .text.add_key_to_report:0000000000000000 add_key_to_report
C:\Users\lhanj\AppData\Local\Temp\ccNtXJ4i.s:587    .text.add_key_to_report:000000000000002c $d
C:\Users\lhanj\AppData\Local\Temp\ccNtXJ4i.s:593    .text.del_key_from_report:0000000000000000 $t
C:\Users\lhanj\AppData\Local\Temp\ccNtXJ4i.s:600    .text.del_key_from_report:0000000000000000 del_key_from_report
C:\Users\lhanj\AppData\Local\Temp\ccNtXJ4i.s:656    .text.del_key_from_report:000000000000002c $d
C:\Users\lhanj\AppData\Local\Temp\ccNtXJ4i.s:662    .text.clear_keys_from_report:0000000000000000 $t
C:\Users\lhanj\AppData\Local\Temp\ccNtXJ4i.s:669    .text.clear_keys_from_report:0000000000000000 clear_keys_from_report
C:\Users\lhanj\AppData\Local\Temp\ccNtXJ4i.s:709    .text.clear_keys_from_report:0000000000000028 $d

UNDEFINED SYMBOLS
keyboard_protocol
keymap_config
biton
memset
