   1              		.cpu cortex-m4
   2              		.eabi_attribute 27, 1
   3              		.eabi_attribute 28, 1
   4              		.eabi_attribute 20, 1
   5              		.eabi_attribute 21, 1
   6              		.eabi_attribute 23, 3
   7              		.eabi_attribute 24, 1
   8              		.eabi_attribute 25, 1
   9              		.eabi_attribute 26, 1
  10              		.eabi_attribute 30, 4
  11              		.eabi_attribute 34, 1
  12              		.eabi_attribute 18, 2
  13              		.file	"hal.c"
  14              		.text
  15              	.Ltext0:
  16              		.cfi_sections	.debug_frame
  17              		.section	.text.halInit,"ax",%progbits
  18              		.align	1
  19              		.global	halInit
  20              		.arch armv7e-m
  21              		.syntax unified
  22              		.thumb
  23              		.thumb_func
  24              		.fpu fpv4-sp-d16
  26              	halInit:
  27              	.LFB278:
  28              		.file 1 "lib/chibios/os/hal/src/hal.c"
   1:lib/chibios/os/hal/src/hal.c **** /*
   2:lib/chibios/os/hal/src/hal.c ****     ChibiOS - Copyright (C) 2006..2018 Giovanni Di Sirio
   3:lib/chibios/os/hal/src/hal.c **** 
   4:lib/chibios/os/hal/src/hal.c ****     Licensed under the Apache License, Version 2.0 (the "License");
   5:lib/chibios/os/hal/src/hal.c ****     you may not use this file except in compliance with the License.
   6:lib/chibios/os/hal/src/hal.c ****     You may obtain a copy of the License at
   7:lib/chibios/os/hal/src/hal.c **** 
   8:lib/chibios/os/hal/src/hal.c ****         http://www.apache.org/licenses/LICENSE-2.0
   9:lib/chibios/os/hal/src/hal.c **** 
  10:lib/chibios/os/hal/src/hal.c ****     Unless required by applicable law or agreed to in writing, software
  11:lib/chibios/os/hal/src/hal.c ****     distributed under the License is distributed on an "AS IS" BASIS,
  12:lib/chibios/os/hal/src/hal.c ****     WITHOUT WARRANTIES OR CONDITIONS OF ANY KIND, either express or implied.
  13:lib/chibios/os/hal/src/hal.c ****     See the License for the specific language governing permissions and
  14:lib/chibios/os/hal/src/hal.c ****     limitations under the License.
  15:lib/chibios/os/hal/src/hal.c **** */
  16:lib/chibios/os/hal/src/hal.c **** 
  17:lib/chibios/os/hal/src/hal.c **** /**
  18:lib/chibios/os/hal/src/hal.c ****  * @file    hal.c
  19:lib/chibios/os/hal/src/hal.c ****  * @brief   HAL subsystem code.
  20:lib/chibios/os/hal/src/hal.c ****  *
  21:lib/chibios/os/hal/src/hal.c ****  * @addtogroup HAL
  22:lib/chibios/os/hal/src/hal.c ****  * @{
  23:lib/chibios/os/hal/src/hal.c ****  */
  24:lib/chibios/os/hal/src/hal.c **** 
  25:lib/chibios/os/hal/src/hal.c **** #include "hal.h"
  26:lib/chibios/os/hal/src/hal.c **** 
  27:lib/chibios/os/hal/src/hal.c **** /*===========================================================================*/
  28:lib/chibios/os/hal/src/hal.c **** /* Driver local definitions.                                                 */
  29:lib/chibios/os/hal/src/hal.c **** /*===========================================================================*/
  30:lib/chibios/os/hal/src/hal.c **** 
  31:lib/chibios/os/hal/src/hal.c **** /*===========================================================================*/
  32:lib/chibios/os/hal/src/hal.c **** /* Driver exported variables.                                                */
  33:lib/chibios/os/hal/src/hal.c **** /*===========================================================================*/
  34:lib/chibios/os/hal/src/hal.c **** 
  35:lib/chibios/os/hal/src/hal.c **** /*===========================================================================*/
  36:lib/chibios/os/hal/src/hal.c **** /* Driver local variables and types.                                         */
  37:lib/chibios/os/hal/src/hal.c **** /*===========================================================================*/
  38:lib/chibios/os/hal/src/hal.c **** 
  39:lib/chibios/os/hal/src/hal.c **** /*===========================================================================*/
  40:lib/chibios/os/hal/src/hal.c **** /* Driver local functions.                                                   */
  41:lib/chibios/os/hal/src/hal.c **** /*===========================================================================*/
  42:lib/chibios/os/hal/src/hal.c **** 
  43:lib/chibios/os/hal/src/hal.c **** /*===========================================================================*/
  44:lib/chibios/os/hal/src/hal.c **** /* Driver exported functions.                                                */
  45:lib/chibios/os/hal/src/hal.c **** /*===========================================================================*/
  46:lib/chibios/os/hal/src/hal.c **** 
  47:lib/chibios/os/hal/src/hal.c **** /**
  48:lib/chibios/os/hal/src/hal.c ****  * @brief   HAL initialization.
  49:lib/chibios/os/hal/src/hal.c ****  * @details This function invokes the low level initialization code then
  50:lib/chibios/os/hal/src/hal.c ****  *          initializes all the drivers enabled in the HAL. Finally the
  51:lib/chibios/os/hal/src/hal.c ****  *          board-specific initialization is performed by invoking
  52:lib/chibios/os/hal/src/hal.c ****  *          @p boardInit() (usually defined in @p board.c).
  53:lib/chibios/os/hal/src/hal.c ****  *
  54:lib/chibios/os/hal/src/hal.c ****  * @init
  55:lib/chibios/os/hal/src/hal.c ****  */
  56:lib/chibios/os/hal/src/hal.c **** void halInit(void) {
  29              		.loc 1 56 20 view -0
  30              		.cfi_startproc
  31              		@ args = 0, pretend = 0, frame = 0
  32              		@ frame_needed = 0, uses_anonymous_args = 0
  57:lib/chibios/os/hal/src/hal.c **** 
  58:lib/chibios/os/hal/src/hal.c ****   /* Initializes the OS Abstraction Layer.*/
  59:lib/chibios/os/hal/src/hal.c ****   osalInit();
  33              		.loc 1 59 3 view .LVU1
  34              		.file 2 "./lib/chibios/os/hal/osal/rt-nil/osal.h"
   1:./lib/chibios/os/hal/osal/rt-nil/osal.h **** /*
   2:./lib/chibios/os/hal/osal/rt-nil/osal.h ****     ChibiOS - Copyright (C) 2006..2018 Giovanni Di Sirio
   3:./lib/chibios/os/hal/osal/rt-nil/osal.h **** 
   4:./lib/chibios/os/hal/osal/rt-nil/osal.h ****     Licensed under the Apache License, Version 2.0 (the "License");
   5:./lib/chibios/os/hal/osal/rt-nil/osal.h ****     you may not use this file except in compliance with the License.
   6:./lib/chibios/os/hal/osal/rt-nil/osal.h ****     You may obtain a copy of the License at
   7:./lib/chibios/os/hal/osal/rt-nil/osal.h **** 
   8:./lib/chibios/os/hal/osal/rt-nil/osal.h ****         http://www.apache.org/licenses/LICENSE-2.0
   9:./lib/chibios/os/hal/osal/rt-nil/osal.h **** 
  10:./lib/chibios/os/hal/osal/rt-nil/osal.h ****     Unless required by applicable law or agreed to in writing, software
  11:./lib/chibios/os/hal/osal/rt-nil/osal.h ****     distributed under the License is distributed on an "AS IS" BASIS,
  12:./lib/chibios/os/hal/osal/rt-nil/osal.h ****     WITHOUT WARRANTIES OR CONDITIONS OF ANY KIND, either express or implied.
  13:./lib/chibios/os/hal/osal/rt-nil/osal.h ****     See the License for the specific language governing permissions and
  14:./lib/chibios/os/hal/osal/rt-nil/osal.h ****     limitations under the License.
  15:./lib/chibios/os/hal/osal/rt-nil/osal.h **** */
  16:./lib/chibios/os/hal/osal/rt-nil/osal.h **** 
  17:./lib/chibios/os/hal/osal/rt-nil/osal.h **** /**
  18:./lib/chibios/os/hal/osal/rt-nil/osal.h ****  * @file    osal.h
  19:./lib/chibios/os/hal/osal/rt-nil/osal.h ****  * @brief   OSAL module header.
  20:./lib/chibios/os/hal/osal/rt-nil/osal.h ****  *
  21:./lib/chibios/os/hal/osal/rt-nil/osal.h ****  * @addtogroup OSAL
  22:./lib/chibios/os/hal/osal/rt-nil/osal.h ****  * @{
  23:./lib/chibios/os/hal/osal/rt-nil/osal.h ****  */
  24:./lib/chibios/os/hal/osal/rt-nil/osal.h **** 
  25:./lib/chibios/os/hal/osal/rt-nil/osal.h **** #ifndef OSAL_H
  26:./lib/chibios/os/hal/osal/rt-nil/osal.h **** #define OSAL_H
  27:./lib/chibios/os/hal/osal/rt-nil/osal.h **** 
  28:./lib/chibios/os/hal/osal/rt-nil/osal.h **** #include <stddef.h>
  29:./lib/chibios/os/hal/osal/rt-nil/osal.h **** #include <stdint.h>
  30:./lib/chibios/os/hal/osal/rt-nil/osal.h **** #include <stdbool.h>
  31:./lib/chibios/os/hal/osal/rt-nil/osal.h **** 
  32:./lib/chibios/os/hal/osal/rt-nil/osal.h **** #include "ch.h"
  33:./lib/chibios/os/hal/osal/rt-nil/osal.h **** 
  34:./lib/chibios/os/hal/osal/rt-nil/osal.h **** /*===========================================================================*/
  35:./lib/chibios/os/hal/osal/rt-nil/osal.h **** /* Module constants.                                                         */
  36:./lib/chibios/os/hal/osal/rt-nil/osal.h **** /*===========================================================================*/
  37:./lib/chibios/os/hal/osal/rt-nil/osal.h **** 
  38:./lib/chibios/os/hal/osal/rt-nil/osal.h **** /**
  39:./lib/chibios/os/hal/osal/rt-nil/osal.h ****  * @name    Common constants
  40:./lib/chibios/os/hal/osal/rt-nil/osal.h ****  * @{
  41:./lib/chibios/os/hal/osal/rt-nil/osal.h ****  */
  42:./lib/chibios/os/hal/osal/rt-nil/osal.h **** #if !defined(FALSE) || defined(__DOXYGEN__)
  43:./lib/chibios/os/hal/osal/rt-nil/osal.h **** #define FALSE                               0
  44:./lib/chibios/os/hal/osal/rt-nil/osal.h **** #endif
  45:./lib/chibios/os/hal/osal/rt-nil/osal.h **** 
  46:./lib/chibios/os/hal/osal/rt-nil/osal.h **** #if !defined(TRUE) || defined(__DOXYGEN__)
  47:./lib/chibios/os/hal/osal/rt-nil/osal.h **** #define TRUE                                1
  48:./lib/chibios/os/hal/osal/rt-nil/osal.h **** #endif
  49:./lib/chibios/os/hal/osal/rt-nil/osal.h **** 
  50:./lib/chibios/os/hal/osal/rt-nil/osal.h **** #define OSAL_SUCCESS                        false
  51:./lib/chibios/os/hal/osal/rt-nil/osal.h **** #define OSAL_FAILED                         true
  52:./lib/chibios/os/hal/osal/rt-nil/osal.h **** /** @} */
  53:./lib/chibios/os/hal/osal/rt-nil/osal.h **** 
  54:./lib/chibios/os/hal/osal/rt-nil/osal.h **** #if 0
  55:./lib/chibios/os/hal/osal/rt-nil/osal.h **** /**
  56:./lib/chibios/os/hal/osal/rt-nil/osal.h ****  * @name    Messages
  57:./lib/chibios/os/hal/osal/rt-nil/osal.h ****  * @{
  58:./lib/chibios/os/hal/osal/rt-nil/osal.h ****  */
  59:./lib/chibios/os/hal/osal/rt-nil/osal.h **** #define MSG_OK                              (msg_t)0
  60:./lib/chibios/os/hal/osal/rt-nil/osal.h **** #define MSG_TIMEOUT                         (msg_t)-1
  61:./lib/chibios/os/hal/osal/rt-nil/osal.h **** #define MSG_RESET                           (msg_t)-2
  62:./lib/chibios/os/hal/osal/rt-nil/osal.h **** /** @} */
  63:./lib/chibios/os/hal/osal/rt-nil/osal.h **** #endif
  64:./lib/chibios/os/hal/osal/rt-nil/osal.h **** 
  65:./lib/chibios/os/hal/osal/rt-nil/osal.h **** #if 0
  66:./lib/chibios/os/hal/osal/rt-nil/osal.h **** /**
  67:./lib/chibios/os/hal/osal/rt-nil/osal.h ****  * @name    Special time constants
  68:./lib/chibios/os/hal/osal/rt-nil/osal.h ****  * @{
  69:./lib/chibios/os/hal/osal/rt-nil/osal.h ****  */
  70:./lib/chibios/os/hal/osal/rt-nil/osal.h **** #define TIME_IMMEDIATE                      ((sysinterval_t)0)
  71:./lib/chibios/os/hal/osal/rt-nil/osal.h **** #define TIME_INFINITE                       ((sysinterval_t)-1)
  72:./lib/chibios/os/hal/osal/rt-nil/osal.h **** /** @} */
  73:./lib/chibios/os/hal/osal/rt-nil/osal.h **** #endif
  74:./lib/chibios/os/hal/osal/rt-nil/osal.h **** 
  75:./lib/chibios/os/hal/osal/rt-nil/osal.h **** /**
  76:./lib/chibios/os/hal/osal/rt-nil/osal.h ****  * @name    Systick modes.
  77:./lib/chibios/os/hal/osal/rt-nil/osal.h ****  * @{
  78:./lib/chibios/os/hal/osal/rt-nil/osal.h ****  */
  79:./lib/chibios/os/hal/osal/rt-nil/osal.h **** #define OSAL_ST_MODE_NONE                   0
  80:./lib/chibios/os/hal/osal/rt-nil/osal.h **** #define OSAL_ST_MODE_PERIODIC               1
  81:./lib/chibios/os/hal/osal/rt-nil/osal.h **** #define OSAL_ST_MODE_FREERUNNING            2
  82:./lib/chibios/os/hal/osal/rt-nil/osal.h **** /** @} */
  83:./lib/chibios/os/hal/osal/rt-nil/osal.h **** 
  84:./lib/chibios/os/hal/osal/rt-nil/osal.h **** /**
  85:./lib/chibios/os/hal/osal/rt-nil/osal.h ****  * @name    Systick parameters.
  86:./lib/chibios/os/hal/osal/rt-nil/osal.h ****  * @{
  87:./lib/chibios/os/hal/osal/rt-nil/osal.h ****  */
  88:./lib/chibios/os/hal/osal/rt-nil/osal.h **** /**
  89:./lib/chibios/os/hal/osal/rt-nil/osal.h ****  * @brief   Size in bits of the @p systick_t type.
  90:./lib/chibios/os/hal/osal/rt-nil/osal.h ****  */
  91:./lib/chibios/os/hal/osal/rt-nil/osal.h **** #define OSAL_ST_RESOLUTION                  CH_CFG_ST_RESOLUTION
  92:./lib/chibios/os/hal/osal/rt-nil/osal.h **** 
  93:./lib/chibios/os/hal/osal/rt-nil/osal.h **** /**
  94:./lib/chibios/os/hal/osal/rt-nil/osal.h ****  * @brief   Required systick frequency or resolution.
  95:./lib/chibios/os/hal/osal/rt-nil/osal.h ****  */
  96:./lib/chibios/os/hal/osal/rt-nil/osal.h **** #define OSAL_ST_FREQUENCY                   CH_CFG_ST_FREQUENCY
  97:./lib/chibios/os/hal/osal/rt-nil/osal.h **** 
  98:./lib/chibios/os/hal/osal/rt-nil/osal.h **** /**
  99:./lib/chibios/os/hal/osal/rt-nil/osal.h ****  * @brief   Systick mode required by the underlying OS.
 100:./lib/chibios/os/hal/osal/rt-nil/osal.h ****  */
 101:./lib/chibios/os/hal/osal/rt-nil/osal.h **** #if (CH_CFG_ST_TIMEDELTA == 0) || defined(__DOXYGEN__)
 102:./lib/chibios/os/hal/osal/rt-nil/osal.h **** #define OSAL_ST_MODE                        OSAL_ST_MODE_PERIODIC
 103:./lib/chibios/os/hal/osal/rt-nil/osal.h **** #else
 104:./lib/chibios/os/hal/osal/rt-nil/osal.h **** #define OSAL_ST_MODE                        OSAL_ST_MODE_FREERUNNING
 105:./lib/chibios/os/hal/osal/rt-nil/osal.h **** #endif
 106:./lib/chibios/os/hal/osal/rt-nil/osal.h **** /** @} */
 107:./lib/chibios/os/hal/osal/rt-nil/osal.h **** 
 108:./lib/chibios/os/hal/osal/rt-nil/osal.h **** /*===========================================================================*/
 109:./lib/chibios/os/hal/osal/rt-nil/osal.h **** /* Module pre-compile time settings.                                         */
 110:./lib/chibios/os/hal/osal/rt-nil/osal.h **** /*===========================================================================*/
 111:./lib/chibios/os/hal/osal/rt-nil/osal.h **** 
 112:./lib/chibios/os/hal/osal/rt-nil/osal.h **** /*===========================================================================*/
 113:./lib/chibios/os/hal/osal/rt-nil/osal.h **** /* Derived constants and error checks.                                       */
 114:./lib/chibios/os/hal/osal/rt-nil/osal.h **** /*===========================================================================*/
 115:./lib/chibios/os/hal/osal/rt-nil/osal.h **** 
 116:./lib/chibios/os/hal/osal/rt-nil/osal.h **** #if !(OSAL_ST_MODE == OSAL_ST_MODE_NONE) &&                                 \
 117:./lib/chibios/os/hal/osal/rt-nil/osal.h ****     !(OSAL_ST_MODE == OSAL_ST_MODE_PERIODIC) &&                             \
 118:./lib/chibios/os/hal/osal/rt-nil/osal.h ****     !(OSAL_ST_MODE == OSAL_ST_MODE_FREERUNNING)
 119:./lib/chibios/os/hal/osal/rt-nil/osal.h **** #error "invalid OSAL_ST_MODE setting in osal.h"
 120:./lib/chibios/os/hal/osal/rt-nil/osal.h **** #endif
 121:./lib/chibios/os/hal/osal/rt-nil/osal.h **** 
 122:./lib/chibios/os/hal/osal/rt-nil/osal.h **** #if (OSAL_ST_RESOLUTION != 16) && (OSAL_ST_RESOLUTION != 32)
 123:./lib/chibios/os/hal/osal/rt-nil/osal.h **** #error "invalid OSAL_ST_RESOLUTION, must be 16 or 32"
 124:./lib/chibios/os/hal/osal/rt-nil/osal.h **** #endif
 125:./lib/chibios/os/hal/osal/rt-nil/osal.h **** 
 126:./lib/chibios/os/hal/osal/rt-nil/osal.h **** /*===========================================================================*/
 127:./lib/chibios/os/hal/osal/rt-nil/osal.h **** /* Module data structures and types.                                         */
 128:./lib/chibios/os/hal/osal/rt-nil/osal.h **** /*===========================================================================*/
 129:./lib/chibios/os/hal/osal/rt-nil/osal.h **** 
 130:./lib/chibios/os/hal/osal/rt-nil/osal.h **** #if 0
 131:./lib/chibios/os/hal/osal/rt-nil/osal.h **** /**
 132:./lib/chibios/os/hal/osal/rt-nil/osal.h ****  * @brief   Type of a system status word.
 133:./lib/chibios/os/hal/osal/rt-nil/osal.h ****  */
 134:./lib/chibios/os/hal/osal/rt-nil/osal.h **** typedef uint32_t syssts_t;
 135:./lib/chibios/os/hal/osal/rt-nil/osal.h **** #endif
 136:./lib/chibios/os/hal/osal/rt-nil/osal.h **** 
 137:./lib/chibios/os/hal/osal/rt-nil/osal.h **** #if 0
 138:./lib/chibios/os/hal/osal/rt-nil/osal.h **** /**
 139:./lib/chibios/os/hal/osal/rt-nil/osal.h ****  * @brief   Type of a message.
 140:./lib/chibios/os/hal/osal/rt-nil/osal.h ****  */
 141:./lib/chibios/os/hal/osal/rt-nil/osal.h **** typedef int32_t msg_t;
 142:./lib/chibios/os/hal/osal/rt-nil/osal.h **** #endif
 143:./lib/chibios/os/hal/osal/rt-nil/osal.h **** 
 144:./lib/chibios/os/hal/osal/rt-nil/osal.h **** #if 0
 145:./lib/chibios/os/hal/osal/rt-nil/osal.h **** /**
 146:./lib/chibios/os/hal/osal/rt-nil/osal.h ****  * @brief   Type of system time counter.
 147:./lib/chibios/os/hal/osal/rt-nil/osal.h ****  */
 148:./lib/chibios/os/hal/osal/rt-nil/osal.h **** typedef uint32_t systime_t;
 149:./lib/chibios/os/hal/osal/rt-nil/osal.h **** #endif
 150:./lib/chibios/os/hal/osal/rt-nil/osal.h **** 
 151:./lib/chibios/os/hal/osal/rt-nil/osal.h **** #if 0
 152:./lib/chibios/os/hal/osal/rt-nil/osal.h **** /**
 153:./lib/chibios/os/hal/osal/rt-nil/osal.h ****  * @brief   Type of system time interval.
 154:./lib/chibios/os/hal/osal/rt-nil/osal.h ****  */
 155:./lib/chibios/os/hal/osal/rt-nil/osal.h **** typedef uint32_t sysinterval_t;
 156:./lib/chibios/os/hal/osal/rt-nil/osal.h **** #endif
 157:./lib/chibios/os/hal/osal/rt-nil/osal.h **** 
 158:./lib/chibios/os/hal/osal/rt-nil/osal.h **** #if 0
 159:./lib/chibios/os/hal/osal/rt-nil/osal.h **** /**
 160:./lib/chibios/os/hal/osal/rt-nil/osal.h ****  * @brief   Type of realtime counter.
 161:./lib/chibios/os/hal/osal/rt-nil/osal.h ****  */
 162:./lib/chibios/os/hal/osal/rt-nil/osal.h **** typedef uint32_t rtcnt_t;
 163:./lib/chibios/os/hal/osal/rt-nil/osal.h **** #endif
 164:./lib/chibios/os/hal/osal/rt-nil/osal.h **** 
 165:./lib/chibios/os/hal/osal/rt-nil/osal.h **** #if 0
 166:./lib/chibios/os/hal/osal/rt-nil/osal.h **** /**
 167:./lib/chibios/os/hal/osal/rt-nil/osal.h ****  * @brief   Type of a thread reference.
 168:./lib/chibios/os/hal/osal/rt-nil/osal.h ****  */
 169:./lib/chibios/os/hal/osal/rt-nil/osal.h **** typedef thread_t * thread_reference_t;
 170:./lib/chibios/os/hal/osal/rt-nil/osal.h **** #endif
 171:./lib/chibios/os/hal/osal/rt-nil/osal.h **** 
 172:./lib/chibios/os/hal/osal/rt-nil/osal.h **** #if 0
 173:./lib/chibios/os/hal/osal/rt-nil/osal.h **** /**
 174:./lib/chibios/os/hal/osal/rt-nil/osal.h ****  * @brief   Type of an event flags mask.
 175:./lib/chibios/os/hal/osal/rt-nil/osal.h ****  */
 176:./lib/chibios/os/hal/osal/rt-nil/osal.h **** typedef uint32_t eventflags_t;
 177:./lib/chibios/os/hal/osal/rt-nil/osal.h **** #endif
 178:./lib/chibios/os/hal/osal/rt-nil/osal.h **** 
 179:./lib/chibios/os/hal/osal/rt-nil/osal.h **** #if (CH_CFG_USE_EVENTS == FALSE) || defined(__DOXYGEN__)
 180:./lib/chibios/os/hal/osal/rt-nil/osal.h **** /**
 181:./lib/chibios/os/hal/osal/rt-nil/osal.h ****  * @brief   Type of an event flags object.
 182:./lib/chibios/os/hal/osal/rt-nil/osal.h ****  * @note    The content of this structure is not part of the API and should
 183:./lib/chibios/os/hal/osal/rt-nil/osal.h ****  *          not be relied upon. Implementers may define this structure in
 184:./lib/chibios/os/hal/osal/rt-nil/osal.h ****  *          an entirely different way.
 185:./lib/chibios/os/hal/osal/rt-nil/osal.h ****  * @note    Retrieval and clearing of the flags are not defined in this
 186:./lib/chibios/os/hal/osal/rt-nil/osal.h ****  *          API and are implementation-dependent.
 187:./lib/chibios/os/hal/osal/rt-nil/osal.h ****  */
 188:./lib/chibios/os/hal/osal/rt-nil/osal.h **** typedef struct event_source event_source_t;
 189:./lib/chibios/os/hal/osal/rt-nil/osal.h **** 
 190:./lib/chibios/os/hal/osal/rt-nil/osal.h **** /**
 191:./lib/chibios/os/hal/osal/rt-nil/osal.h ****  * @brief   Type of an event source callback.
 192:./lib/chibios/os/hal/osal/rt-nil/osal.h ****  * @note    This type is not part of the OSAL API and is provided
 193:./lib/chibios/os/hal/osal/rt-nil/osal.h ****  *          exclusively as an example and for convenience.
 194:./lib/chibios/os/hal/osal/rt-nil/osal.h ****  */
 195:./lib/chibios/os/hal/osal/rt-nil/osal.h **** typedef void (*eventcallback_t)(event_source_t *esp);
 196:./lib/chibios/os/hal/osal/rt-nil/osal.h **** 
 197:./lib/chibios/os/hal/osal/rt-nil/osal.h **** /**
 198:./lib/chibios/os/hal/osal/rt-nil/osal.h ****  * @brief   Events source object.
 199:./lib/chibios/os/hal/osal/rt-nil/osal.h ****  * @note    The content of this structure is not part of the API and should
 200:./lib/chibios/os/hal/osal/rt-nil/osal.h ****  *          not be relied upon. Implementers may define this structure in
 201:./lib/chibios/os/hal/osal/rt-nil/osal.h ****  *          an entirely different way.
 202:./lib/chibios/os/hal/osal/rt-nil/osal.h ****  * @note    Retrieval and clearing of the flags are not defined in this
 203:./lib/chibios/os/hal/osal/rt-nil/osal.h ****  *          API and are implementation-dependent.
 204:./lib/chibios/os/hal/osal/rt-nil/osal.h ****  */
 205:./lib/chibios/os/hal/osal/rt-nil/osal.h **** struct event_source {
 206:./lib/chibios/os/hal/osal/rt-nil/osal.h ****   volatile eventflags_t flags;      /**< @brief Stored event flags.         */
 207:./lib/chibios/os/hal/osal/rt-nil/osal.h ****   eventcallback_t       cb;         /**< @brief Event source callback.      */
 208:./lib/chibios/os/hal/osal/rt-nil/osal.h ****   void                  *param;     /**< @brief User defined field.         */
 209:./lib/chibios/os/hal/osal/rt-nil/osal.h **** };
 210:./lib/chibios/os/hal/osal/rt-nil/osal.h **** #endif /* CH_CFG_USE_EVENTS == FALSE */
 211:./lib/chibios/os/hal/osal/rt-nil/osal.h **** 
 212:./lib/chibios/os/hal/osal/rt-nil/osal.h **** /**
 213:./lib/chibios/os/hal/osal/rt-nil/osal.h ****  * @brief   Type of a mutex.
 214:./lib/chibios/os/hal/osal/rt-nil/osal.h ****  * @note    If the OS does not support mutexes or there is no OS then the
 215:./lib/chibios/os/hal/osal/rt-nil/osal.h ****  *          mechanism can be simulated.
 216:./lib/chibios/os/hal/osal/rt-nil/osal.h ****  */
 217:./lib/chibios/os/hal/osal/rt-nil/osal.h **** #if CH_CFG_USE_MUTEXES || defined(__DOXYGEN__)
 218:./lib/chibios/os/hal/osal/rt-nil/osal.h **** #elif CH_CFG_USE_SEMAPHORES
 219:./lib/chibios/os/hal/osal/rt-nil/osal.h **** typedef semaphore_t mutex_t;
 220:./lib/chibios/os/hal/osal/rt-nil/osal.h **** #else
 221:./lib/chibios/os/hal/osal/rt-nil/osal.h **** typedef uint32_t mutex_t;
 222:./lib/chibios/os/hal/osal/rt-nil/osal.h **** #endif
 223:./lib/chibios/os/hal/osal/rt-nil/osal.h **** 
 224:./lib/chibios/os/hal/osal/rt-nil/osal.h **** #if 0
 225:./lib/chibios/os/hal/osal/rt-nil/osal.h **** /**
 226:./lib/chibios/os/hal/osal/rt-nil/osal.h ****  * @brief   Type of a thread queue.
 227:./lib/chibios/os/hal/osal/rt-nil/osal.h ****  * @details A thread queue is a queue of sleeping threads, queued threads
 228:./lib/chibios/os/hal/osal/rt-nil/osal.h ****  *          can be dequeued one at time or all together.
 229:./lib/chibios/os/hal/osal/rt-nil/osal.h ****  * @note    In this implementation it is implemented as a single reference
 230:./lib/chibios/os/hal/osal/rt-nil/osal.h ****  *          because there are no real threads.
 231:./lib/chibios/os/hal/osal/rt-nil/osal.h ****  */
 232:./lib/chibios/os/hal/osal/rt-nil/osal.h **** typedef struct {
 233:./lib/chibios/os/hal/osal/rt-nil/osal.h ****   thread_reference_t    tr;
 234:./lib/chibios/os/hal/osal/rt-nil/osal.h **** } threads_queue_t;
 235:./lib/chibios/os/hal/osal/rt-nil/osal.h **** #endif
 236:./lib/chibios/os/hal/osal/rt-nil/osal.h **** 
 237:./lib/chibios/os/hal/osal/rt-nil/osal.h **** /*===========================================================================*/
 238:./lib/chibios/os/hal/osal/rt-nil/osal.h **** /* Module macros.                                                            */
 239:./lib/chibios/os/hal/osal/rt-nil/osal.h **** /*===========================================================================*/
 240:./lib/chibios/os/hal/osal/rt-nil/osal.h **** 
 241:./lib/chibios/os/hal/osal/rt-nil/osal.h **** /**
 242:./lib/chibios/os/hal/osal/rt-nil/osal.h ****  * @name    Debug related macros
 243:./lib/chibios/os/hal/osal/rt-nil/osal.h ****  * @{
 244:./lib/chibios/os/hal/osal/rt-nil/osal.h ****  */
 245:./lib/chibios/os/hal/osal/rt-nil/osal.h **** /**
 246:./lib/chibios/os/hal/osal/rt-nil/osal.h ****  * @brief   Condition assertion.
 247:./lib/chibios/os/hal/osal/rt-nil/osal.h ****  * @details If the condition check fails then the OSAL panics with a
 248:./lib/chibios/os/hal/osal/rt-nil/osal.h ****  *          message and halts.
 249:./lib/chibios/os/hal/osal/rt-nil/osal.h ****  * @note    The condition is tested only if the @p OSAL_ENABLE_ASSERTIONS
 250:./lib/chibios/os/hal/osal/rt-nil/osal.h ****  *          switch is enabled.
 251:./lib/chibios/os/hal/osal/rt-nil/osal.h ****  * @note    The remark string is not currently used except for putting a
 252:./lib/chibios/os/hal/osal/rt-nil/osal.h ****  *          comment in the code about the assertion.
 253:./lib/chibios/os/hal/osal/rt-nil/osal.h ****  *
 254:./lib/chibios/os/hal/osal/rt-nil/osal.h ****  * @param[in] c         the condition to be verified to be true
 255:./lib/chibios/os/hal/osal/rt-nil/osal.h ****  * @param[in] remark    a remark string
 256:./lib/chibios/os/hal/osal/rt-nil/osal.h ****  *
 257:./lib/chibios/os/hal/osal/rt-nil/osal.h ****  * @api
 258:./lib/chibios/os/hal/osal/rt-nil/osal.h ****  */
 259:./lib/chibios/os/hal/osal/rt-nil/osal.h **** #define osalDbgAssert(c, remark) chDbgAssert(c, remark)
 260:./lib/chibios/os/hal/osal/rt-nil/osal.h **** 
 261:./lib/chibios/os/hal/osal/rt-nil/osal.h **** /**
 262:./lib/chibios/os/hal/osal/rt-nil/osal.h ****  * @brief   Function parameters check.
 263:./lib/chibios/os/hal/osal/rt-nil/osal.h ****  * @details If the condition check fails then the OSAL panics and halts.
 264:./lib/chibios/os/hal/osal/rt-nil/osal.h ****  * @note    The condition is tested only if the @p OSAL_ENABLE_CHECKS switch
 265:./lib/chibios/os/hal/osal/rt-nil/osal.h ****  *          is enabled.
 266:./lib/chibios/os/hal/osal/rt-nil/osal.h ****  *
 267:./lib/chibios/os/hal/osal/rt-nil/osal.h ****  * @param[in] c         the condition to be verified to be true
 268:./lib/chibios/os/hal/osal/rt-nil/osal.h ****  *
 269:./lib/chibios/os/hal/osal/rt-nil/osal.h ****  * @api
 270:./lib/chibios/os/hal/osal/rt-nil/osal.h ****  */
 271:./lib/chibios/os/hal/osal/rt-nil/osal.h **** #define osalDbgCheck(c) chDbgCheck(c)
 272:./lib/chibios/os/hal/osal/rt-nil/osal.h **** 
 273:./lib/chibios/os/hal/osal/rt-nil/osal.h **** /**
 274:./lib/chibios/os/hal/osal/rt-nil/osal.h ****  * @brief   I-Class state check.
 275:./lib/chibios/os/hal/osal/rt-nil/osal.h ****  * @note    Not implemented in this simplified OSAL.
 276:./lib/chibios/os/hal/osal/rt-nil/osal.h ****  */
 277:./lib/chibios/os/hal/osal/rt-nil/osal.h **** #define osalDbgCheckClassI() chDbgCheckClassI()
 278:./lib/chibios/os/hal/osal/rt-nil/osal.h **** 
 279:./lib/chibios/os/hal/osal/rt-nil/osal.h **** /**
 280:./lib/chibios/os/hal/osal/rt-nil/osal.h ****  * @brief   S-Class state check.
 281:./lib/chibios/os/hal/osal/rt-nil/osal.h ****  * @note    Not implemented in this simplified OSAL.
 282:./lib/chibios/os/hal/osal/rt-nil/osal.h ****  */
 283:./lib/chibios/os/hal/osal/rt-nil/osal.h **** #define osalDbgCheckClassS() chDbgCheckClassS()
 284:./lib/chibios/os/hal/osal/rt-nil/osal.h **** /** @} */
 285:./lib/chibios/os/hal/osal/rt-nil/osal.h **** 
 286:./lib/chibios/os/hal/osal/rt-nil/osal.h **** /**
 287:./lib/chibios/os/hal/osal/rt-nil/osal.h ****  * @name    IRQ service routines wrappers
 288:./lib/chibios/os/hal/osal/rt-nil/osal.h ****  * @{
 289:./lib/chibios/os/hal/osal/rt-nil/osal.h ****  */
 290:./lib/chibios/os/hal/osal/rt-nil/osal.h **** /**
 291:./lib/chibios/os/hal/osal/rt-nil/osal.h ****  * @brief   Priority level verification macro.
 292:./lib/chibios/os/hal/osal/rt-nil/osal.h ****  */
 293:./lib/chibios/os/hal/osal/rt-nil/osal.h **** #define OSAL_IRQ_IS_VALID_PRIORITY(n) CH_IRQ_IS_VALID_KERNEL_PRIORITY(n)
 294:./lib/chibios/os/hal/osal/rt-nil/osal.h **** 
 295:./lib/chibios/os/hal/osal/rt-nil/osal.h **** /**
 296:./lib/chibios/os/hal/osal/rt-nil/osal.h ****  * @brief   IRQ prologue code.
 297:./lib/chibios/os/hal/osal/rt-nil/osal.h ****  * @details This macro must be inserted at the start of all IRQ handlers.
 298:./lib/chibios/os/hal/osal/rt-nil/osal.h ****  */
 299:./lib/chibios/os/hal/osal/rt-nil/osal.h **** #define OSAL_IRQ_PROLOGUE() CH_IRQ_PROLOGUE()
 300:./lib/chibios/os/hal/osal/rt-nil/osal.h **** 
 301:./lib/chibios/os/hal/osal/rt-nil/osal.h **** /**
 302:./lib/chibios/os/hal/osal/rt-nil/osal.h ****  * @brief   IRQ epilogue code.
 303:./lib/chibios/os/hal/osal/rt-nil/osal.h ****  * @details This macro must be inserted at the end of all IRQ handlers.
 304:./lib/chibios/os/hal/osal/rt-nil/osal.h ****  */
 305:./lib/chibios/os/hal/osal/rt-nil/osal.h **** #define OSAL_IRQ_EPILOGUE() CH_IRQ_EPILOGUE()
 306:./lib/chibios/os/hal/osal/rt-nil/osal.h **** 
 307:./lib/chibios/os/hal/osal/rt-nil/osal.h **** /**
 308:./lib/chibios/os/hal/osal/rt-nil/osal.h ****  * @brief   IRQ handler function declaration.
 309:./lib/chibios/os/hal/osal/rt-nil/osal.h ****  * @details This macro hides the details of an ISR function declaration.
 310:./lib/chibios/os/hal/osal/rt-nil/osal.h ****  *
 311:./lib/chibios/os/hal/osal/rt-nil/osal.h ****  * @param[in] id        a vector name as defined in @p vectors.s
 312:./lib/chibios/os/hal/osal/rt-nil/osal.h ****  */
 313:./lib/chibios/os/hal/osal/rt-nil/osal.h **** #define OSAL_IRQ_HANDLER(id) CH_IRQ_HANDLER(id)
 314:./lib/chibios/os/hal/osal/rt-nil/osal.h **** /** @} */
 315:./lib/chibios/os/hal/osal/rt-nil/osal.h **** 
 316:./lib/chibios/os/hal/osal/rt-nil/osal.h **** /**
 317:./lib/chibios/os/hal/osal/rt-nil/osal.h ****  * @name    Time conversion utilities
 318:./lib/chibios/os/hal/osal/rt-nil/osal.h ****  * @{
 319:./lib/chibios/os/hal/osal/rt-nil/osal.h ****  */
 320:./lib/chibios/os/hal/osal/rt-nil/osal.h **** /**
 321:./lib/chibios/os/hal/osal/rt-nil/osal.h ****  * @brief   Seconds to system ticks.
 322:./lib/chibios/os/hal/osal/rt-nil/osal.h ****  * @details Converts from seconds to system ticks number.
 323:./lib/chibios/os/hal/osal/rt-nil/osal.h ****  * @note    The result is rounded upward to the next tick boundary.
 324:./lib/chibios/os/hal/osal/rt-nil/osal.h ****  *
 325:./lib/chibios/os/hal/osal/rt-nil/osal.h ****  * @param[in] secs      number of seconds
 326:./lib/chibios/os/hal/osal/rt-nil/osal.h ****  * @return              The number of ticks.
 327:./lib/chibios/os/hal/osal/rt-nil/osal.h ****  *
 328:./lib/chibios/os/hal/osal/rt-nil/osal.h ****  * @api
 329:./lib/chibios/os/hal/osal/rt-nil/osal.h ****  */
 330:./lib/chibios/os/hal/osal/rt-nil/osal.h **** #define OSAL_S2I(secs) TIME_S2I(secs)
 331:./lib/chibios/os/hal/osal/rt-nil/osal.h **** 
 332:./lib/chibios/os/hal/osal/rt-nil/osal.h **** /**
 333:./lib/chibios/os/hal/osal/rt-nil/osal.h ****  * @brief   Milliseconds to system ticks.
 334:./lib/chibios/os/hal/osal/rt-nil/osal.h ****  * @details Converts from milliseconds to system ticks number.
 335:./lib/chibios/os/hal/osal/rt-nil/osal.h ****  * @note    The result is rounded upward to the next tick boundary.
 336:./lib/chibios/os/hal/osal/rt-nil/osal.h ****  *
 337:./lib/chibios/os/hal/osal/rt-nil/osal.h ****  * @param[in] msecs     number of milliseconds
 338:./lib/chibios/os/hal/osal/rt-nil/osal.h ****  * @return              The number of ticks.
 339:./lib/chibios/os/hal/osal/rt-nil/osal.h ****  *
 340:./lib/chibios/os/hal/osal/rt-nil/osal.h ****  * @api
 341:./lib/chibios/os/hal/osal/rt-nil/osal.h ****  */
 342:./lib/chibios/os/hal/osal/rt-nil/osal.h **** #define OSAL_MS2I(msecs) TIME_MS2I(msecs)
 343:./lib/chibios/os/hal/osal/rt-nil/osal.h **** 
 344:./lib/chibios/os/hal/osal/rt-nil/osal.h **** /**
 345:./lib/chibios/os/hal/osal/rt-nil/osal.h ****  * @brief   Microseconds to system ticks.
 346:./lib/chibios/os/hal/osal/rt-nil/osal.h ****  * @details Converts from microseconds to system ticks number.
 347:./lib/chibios/os/hal/osal/rt-nil/osal.h ****  * @note    The result is rounded upward to the next tick boundary.
 348:./lib/chibios/os/hal/osal/rt-nil/osal.h ****  *
 349:./lib/chibios/os/hal/osal/rt-nil/osal.h ****  * @param[in] usecs     number of microseconds
 350:./lib/chibios/os/hal/osal/rt-nil/osal.h ****  * @return              The number of ticks.
 351:./lib/chibios/os/hal/osal/rt-nil/osal.h ****  *
 352:./lib/chibios/os/hal/osal/rt-nil/osal.h ****  * @api
 353:./lib/chibios/os/hal/osal/rt-nil/osal.h ****  */
 354:./lib/chibios/os/hal/osal/rt-nil/osal.h **** #define OSAL_US2I(usecs) TIME_US2I(usecs)
 355:./lib/chibios/os/hal/osal/rt-nil/osal.h **** /** @} */
 356:./lib/chibios/os/hal/osal/rt-nil/osal.h **** 
 357:./lib/chibios/os/hal/osal/rt-nil/osal.h **** /**
 358:./lib/chibios/os/hal/osal/rt-nil/osal.h ****  * @name    Time conversion utilities for the realtime counter
 359:./lib/chibios/os/hal/osal/rt-nil/osal.h ****  * @{
 360:./lib/chibios/os/hal/osal/rt-nil/osal.h ****  */
 361:./lib/chibios/os/hal/osal/rt-nil/osal.h **** /**
 362:./lib/chibios/os/hal/osal/rt-nil/osal.h ****  * @brief   Seconds to realtime counter.
 363:./lib/chibios/os/hal/osal/rt-nil/osal.h ****  * @details Converts from seconds to realtime counter cycles.
 364:./lib/chibios/os/hal/osal/rt-nil/osal.h ****  * @note    The macro assumes that @p freq >= @p 1.
 365:./lib/chibios/os/hal/osal/rt-nil/osal.h ****  *
 366:./lib/chibios/os/hal/osal/rt-nil/osal.h ****  * @param[in] freq      clock frequency, in Hz, of the realtime counter
 367:./lib/chibios/os/hal/osal/rt-nil/osal.h ****  * @param[in] sec       number of seconds
 368:./lib/chibios/os/hal/osal/rt-nil/osal.h ****  * @return              The number of cycles.
 369:./lib/chibios/os/hal/osal/rt-nil/osal.h ****  *
 370:./lib/chibios/os/hal/osal/rt-nil/osal.h ****  * @api
 371:./lib/chibios/os/hal/osal/rt-nil/osal.h ****  */
 372:./lib/chibios/os/hal/osal/rt-nil/osal.h **** #define OSAL_S2RTC(freq, sec) S2RTC(freq, sec)
 373:./lib/chibios/os/hal/osal/rt-nil/osal.h **** 
 374:./lib/chibios/os/hal/osal/rt-nil/osal.h **** /**
 375:./lib/chibios/os/hal/osal/rt-nil/osal.h ****  * @brief   Milliseconds to realtime counter.
 376:./lib/chibios/os/hal/osal/rt-nil/osal.h ****  * @details Converts from milliseconds to realtime counter cycles.
 377:./lib/chibios/os/hal/osal/rt-nil/osal.h ****  * @note    The result is rounded upward to the next millisecond boundary.
 378:./lib/chibios/os/hal/osal/rt-nil/osal.h ****  * @note    The macro assumes that @p freq >= @p 1000.
 379:./lib/chibios/os/hal/osal/rt-nil/osal.h ****  *
 380:./lib/chibios/os/hal/osal/rt-nil/osal.h ****  * @param[in] freq      clock frequency, in Hz, of the realtime counter
 381:./lib/chibios/os/hal/osal/rt-nil/osal.h ****  * @param[in] msec      number of milliseconds
 382:./lib/chibios/os/hal/osal/rt-nil/osal.h ****  * @return              The number of cycles.
 383:./lib/chibios/os/hal/osal/rt-nil/osal.h ****  *
 384:./lib/chibios/os/hal/osal/rt-nil/osal.h ****  * @api
 385:./lib/chibios/os/hal/osal/rt-nil/osal.h ****  */
 386:./lib/chibios/os/hal/osal/rt-nil/osal.h **** #define OSAL_MS2RTC(freq, msec) MS2RTC(freq, msec)
 387:./lib/chibios/os/hal/osal/rt-nil/osal.h **** 
 388:./lib/chibios/os/hal/osal/rt-nil/osal.h **** /**
 389:./lib/chibios/os/hal/osal/rt-nil/osal.h ****  * @brief   Microseconds to realtime counter.
 390:./lib/chibios/os/hal/osal/rt-nil/osal.h ****  * @details Converts from microseconds to realtime counter cycles.
 391:./lib/chibios/os/hal/osal/rt-nil/osal.h ****  * @note    The result is rounded upward to the next microsecond boundary.
 392:./lib/chibios/os/hal/osal/rt-nil/osal.h ****  * @note    The macro assumes that @p freq >= @p 1000000.
 393:./lib/chibios/os/hal/osal/rt-nil/osal.h ****  *
 394:./lib/chibios/os/hal/osal/rt-nil/osal.h ****  * @param[in] freq      clock frequency, in Hz, of the realtime counter
 395:./lib/chibios/os/hal/osal/rt-nil/osal.h ****  * @param[in] usec      number of microseconds
 396:./lib/chibios/os/hal/osal/rt-nil/osal.h ****  * @return              The number of cycles.
 397:./lib/chibios/os/hal/osal/rt-nil/osal.h ****  *
 398:./lib/chibios/os/hal/osal/rt-nil/osal.h ****  * @api
 399:./lib/chibios/os/hal/osal/rt-nil/osal.h ****  */
 400:./lib/chibios/os/hal/osal/rt-nil/osal.h **** #define OSAL_US2RTC(freq, usec) US2RTC(freq, usec)
 401:./lib/chibios/os/hal/osal/rt-nil/osal.h **** /** @} */
 402:./lib/chibios/os/hal/osal/rt-nil/osal.h **** 
 403:./lib/chibios/os/hal/osal/rt-nil/osal.h **** /**
 404:./lib/chibios/os/hal/osal/rt-nil/osal.h ****  * @name    Sleep macros using absolute time
 405:./lib/chibios/os/hal/osal/rt-nil/osal.h ****  * @{
 406:./lib/chibios/os/hal/osal/rt-nil/osal.h ****  */
 407:./lib/chibios/os/hal/osal/rt-nil/osal.h **** /**
 408:./lib/chibios/os/hal/osal/rt-nil/osal.h ****  * @brief   Delays the invoking thread for the specified number of seconds.
 409:./lib/chibios/os/hal/osal/rt-nil/osal.h ****  * @note    The specified time is rounded up to a value allowed by the real
 410:./lib/chibios/os/hal/osal/rt-nil/osal.h ****  *          system tick clock.
 411:./lib/chibios/os/hal/osal/rt-nil/osal.h ****  * @note    The maximum specifiable value is implementation dependent.
 412:./lib/chibios/os/hal/osal/rt-nil/osal.h ****  *
 413:./lib/chibios/os/hal/osal/rt-nil/osal.h ****  * @param[in] secs      time in seconds, must be different from zero
 414:./lib/chibios/os/hal/osal/rt-nil/osal.h ****  *
 415:./lib/chibios/os/hal/osal/rt-nil/osal.h ****  * @api
 416:./lib/chibios/os/hal/osal/rt-nil/osal.h ****  */
 417:./lib/chibios/os/hal/osal/rt-nil/osal.h **** #define osalThreadSleepSeconds(secs) osalThreadSleep(OSAL_S2I(secs))
 418:./lib/chibios/os/hal/osal/rt-nil/osal.h **** 
 419:./lib/chibios/os/hal/osal/rt-nil/osal.h **** /**
 420:./lib/chibios/os/hal/osal/rt-nil/osal.h ****  * @brief   Delays the invoking thread for the specified number of
 421:./lib/chibios/os/hal/osal/rt-nil/osal.h ****  *          milliseconds.
 422:./lib/chibios/os/hal/osal/rt-nil/osal.h ****  * @note    The specified time is rounded up to a value allowed by the real
 423:./lib/chibios/os/hal/osal/rt-nil/osal.h ****  *          system tick clock.
 424:./lib/chibios/os/hal/osal/rt-nil/osal.h ****  * @note    The maximum specifiable value is implementation dependent.
 425:./lib/chibios/os/hal/osal/rt-nil/osal.h ****  *
 426:./lib/chibios/os/hal/osal/rt-nil/osal.h ****  * @param[in] msecs     time in milliseconds, must be different from zero
 427:./lib/chibios/os/hal/osal/rt-nil/osal.h ****  *
 428:./lib/chibios/os/hal/osal/rt-nil/osal.h ****  * @api
 429:./lib/chibios/os/hal/osal/rt-nil/osal.h ****  */
 430:./lib/chibios/os/hal/osal/rt-nil/osal.h **** #define osalThreadSleepMilliseconds(msecs) osalThreadSleep(OSAL_MS2I(msecs))
 431:./lib/chibios/os/hal/osal/rt-nil/osal.h **** 
 432:./lib/chibios/os/hal/osal/rt-nil/osal.h **** /**
 433:./lib/chibios/os/hal/osal/rt-nil/osal.h ****  * @brief   Delays the invoking thread for the specified number of
 434:./lib/chibios/os/hal/osal/rt-nil/osal.h ****  *          microseconds.
 435:./lib/chibios/os/hal/osal/rt-nil/osal.h ****  * @note    The specified time is rounded up to a value allowed by the real
 436:./lib/chibios/os/hal/osal/rt-nil/osal.h ****  *          system tick clock.
 437:./lib/chibios/os/hal/osal/rt-nil/osal.h ****  * @note    The maximum specifiable value is implementation dependent.
 438:./lib/chibios/os/hal/osal/rt-nil/osal.h ****  *
 439:./lib/chibios/os/hal/osal/rt-nil/osal.h ****  * @param[in] usecs     time in microseconds, must be different from zero
 440:./lib/chibios/os/hal/osal/rt-nil/osal.h ****  *
 441:./lib/chibios/os/hal/osal/rt-nil/osal.h ****  * @api
 442:./lib/chibios/os/hal/osal/rt-nil/osal.h ****  */
 443:./lib/chibios/os/hal/osal/rt-nil/osal.h **** #define osalThreadSleepMicroseconds(usecs) osalThreadSleep(OSAL_US2I(usecs))
 444:./lib/chibios/os/hal/osal/rt-nil/osal.h **** /** @} */
 445:./lib/chibios/os/hal/osal/rt-nil/osal.h **** 
 446:./lib/chibios/os/hal/osal/rt-nil/osal.h **** /*===========================================================================*/
 447:./lib/chibios/os/hal/osal/rt-nil/osal.h **** /* External declarations.                                                    */
 448:./lib/chibios/os/hal/osal/rt-nil/osal.h **** /*===========================================================================*/
 449:./lib/chibios/os/hal/osal/rt-nil/osal.h **** 
 450:./lib/chibios/os/hal/osal/rt-nil/osal.h **** #ifdef __cplusplus
 451:./lib/chibios/os/hal/osal/rt-nil/osal.h **** extern "C" {
 452:./lib/chibios/os/hal/osal/rt-nil/osal.h **** #endif
 453:./lib/chibios/os/hal/osal/rt-nil/osal.h **** 
 454:./lib/chibios/os/hal/osal/rt-nil/osal.h **** #ifdef __cplusplus
 455:./lib/chibios/os/hal/osal/rt-nil/osal.h **** }
 456:./lib/chibios/os/hal/osal/rt-nil/osal.h **** #endif
 457:./lib/chibios/os/hal/osal/rt-nil/osal.h **** 
 458:./lib/chibios/os/hal/osal/rt-nil/osal.h **** /*===========================================================================*/
 459:./lib/chibios/os/hal/osal/rt-nil/osal.h **** /* Module inline functions.                                                  */
 460:./lib/chibios/os/hal/osal/rt-nil/osal.h **** /*===========================================================================*/
 461:./lib/chibios/os/hal/osal/rt-nil/osal.h **** 
 462:./lib/chibios/os/hal/osal/rt-nil/osal.h **** /**
 463:./lib/chibios/os/hal/osal/rt-nil/osal.h ****  * @brief   OSAL module initialization.
 464:./lib/chibios/os/hal/osal/rt-nil/osal.h ****  *
 465:./lib/chibios/os/hal/osal/rt-nil/osal.h ****  * @api
 466:./lib/chibios/os/hal/osal/rt-nil/osal.h ****  */
 467:./lib/chibios/os/hal/osal/rt-nil/osal.h **** static inline void osalInit(void) {
 468:./lib/chibios/os/hal/osal/rt-nil/osal.h **** 
 469:./lib/chibios/os/hal/osal/rt-nil/osal.h **** }
  35              		.loc 2 469 1 view .LVU2
  60:lib/chibios/os/hal/src/hal.c **** 
  61:lib/chibios/os/hal/src/hal.c ****   /* Platform low level initializations.*/
  62:lib/chibios/os/hal/src/hal.c ****   hal_lld_init();
  36              		.loc 1 62 3 view .LVU3
  56:lib/chibios/os/hal/src/hal.c **** 
  37              		.loc 1 56 20 is_stmt 0 view .LVU4
  38 0000 08B5     		push	{r3, lr}
  39              		.cfi_def_cfa_offset 8
  40              		.cfi_offset 3, -8
  41              		.cfi_offset 14, -4
  42              		.loc 1 62 3 view .LVU5
  43 0002 FFF7FEFF 		bl	hal_lld_init
  44              	.LVL0:
  63:lib/chibios/os/hal/src/hal.c **** 
  64:lib/chibios/os/hal/src/hal.c **** #if (HAL_USE_PAL == TRUE) || defined(__DOXYGEN__)
  65:lib/chibios/os/hal/src/hal.c **** #if defined(PAL_NEW_INIT)
  66:lib/chibios/os/hal/src/hal.c ****   palInit();
  45              		.loc 1 66 3 is_stmt 1 view .LVU6
  46 0006 FFF7FEFF 		bl	_pal_lld_init
  47              	.LVL1:
  67:lib/chibios/os/hal/src/hal.c **** #else
  68:lib/chibios/os/hal/src/hal.c ****   palInit(&pal_default_config);
  69:lib/chibios/os/hal/src/hal.c **** #endif
  70:lib/chibios/os/hal/src/hal.c **** #endif
  71:lib/chibios/os/hal/src/hal.c **** #if (HAL_USE_ADC == TRUE) || defined(__DOXYGEN__)
  72:lib/chibios/os/hal/src/hal.c ****   adcInit();
  73:lib/chibios/os/hal/src/hal.c **** #endif
  74:lib/chibios/os/hal/src/hal.c **** #if (HAL_USE_CAN == TRUE) || defined(__DOXYGEN__)
  75:lib/chibios/os/hal/src/hal.c ****   canInit();
  76:lib/chibios/os/hal/src/hal.c **** #endif
  77:lib/chibios/os/hal/src/hal.c **** #if (HAL_USE_CRY == TRUE) || defined(__DOXYGEN__)
  78:lib/chibios/os/hal/src/hal.c ****   cryInit();
  79:lib/chibios/os/hal/src/hal.c **** #endif
  80:lib/chibios/os/hal/src/hal.c **** #if (HAL_USE_DAC == TRUE) || defined(__DOXYGEN__)
  81:lib/chibios/os/hal/src/hal.c ****   dacInit();
  82:lib/chibios/os/hal/src/hal.c **** #endif
  83:lib/chibios/os/hal/src/hal.c **** #if (HAL_USE_EFL == TRUE) || defined(__DOXYGEN__)
  84:lib/chibios/os/hal/src/hal.c ****   eflInit();
  85:lib/chibios/os/hal/src/hal.c **** #endif
  86:lib/chibios/os/hal/src/hal.c **** #if (HAL_USE_GPT == TRUE) || defined(__DOXYGEN__)
  87:lib/chibios/os/hal/src/hal.c ****   gptInit();
  88:lib/chibios/os/hal/src/hal.c **** #endif
  89:lib/chibios/os/hal/src/hal.c **** #if (HAL_USE_I2C == TRUE) || defined(__DOXYGEN__)
  90:lib/chibios/os/hal/src/hal.c ****   i2cInit();
  91:lib/chibios/os/hal/src/hal.c **** #endif
  92:lib/chibios/os/hal/src/hal.c **** #if (HAL_USE_I2S == TRUE) || defined(__DOXYGEN__)
  93:lib/chibios/os/hal/src/hal.c ****   i2sInit();
  94:lib/chibios/os/hal/src/hal.c **** #endif
  95:lib/chibios/os/hal/src/hal.c **** #if (HAL_USE_ICU == TRUE) || defined(__DOXYGEN__)
  96:lib/chibios/os/hal/src/hal.c ****   icuInit();
  97:lib/chibios/os/hal/src/hal.c **** #endif
  98:lib/chibios/os/hal/src/hal.c **** #if (HAL_USE_MAC == TRUE) || defined(__DOXYGEN__)
  99:lib/chibios/os/hal/src/hal.c ****   macInit();
 100:lib/chibios/os/hal/src/hal.c **** #endif
 101:lib/chibios/os/hal/src/hal.c **** #if (HAL_USE_PWM == TRUE) || defined(__DOXYGEN__)
 102:lib/chibios/os/hal/src/hal.c ****   pwmInit();
 103:lib/chibios/os/hal/src/hal.c **** #endif
 104:lib/chibios/os/hal/src/hal.c **** #if (HAL_USE_SERIAL == TRUE) || defined(__DOXYGEN__)
 105:lib/chibios/os/hal/src/hal.c ****   sdInit();
 106:lib/chibios/os/hal/src/hal.c **** #endif
 107:lib/chibios/os/hal/src/hal.c **** #if (HAL_USE_SDC == TRUE) || defined(__DOXYGEN__)
 108:lib/chibios/os/hal/src/hal.c ****   sdcInit();
 109:lib/chibios/os/hal/src/hal.c **** #endif
 110:lib/chibios/os/hal/src/hal.c **** #if (HAL_USE_SPI == TRUE) || defined(__DOXYGEN__)
 111:lib/chibios/os/hal/src/hal.c ****   spiInit();
  48              		.loc 1 111 3 view .LVU7
  49 000a FFF7FEFF 		bl	spiInit
  50              	.LVL2:
 112:lib/chibios/os/hal/src/hal.c **** #endif
 113:lib/chibios/os/hal/src/hal.c **** #if (HAL_USE_TRNG == TRUE) || defined(__DOXYGEN__)
 114:lib/chibios/os/hal/src/hal.c ****   trngInit();
 115:lib/chibios/os/hal/src/hal.c **** #endif
 116:lib/chibios/os/hal/src/hal.c **** #if (HAL_USE_UART == TRUE) || defined(__DOXYGEN__)
 117:lib/chibios/os/hal/src/hal.c ****   uartInit();
 118:lib/chibios/os/hal/src/hal.c **** #endif
 119:lib/chibios/os/hal/src/hal.c **** #if (HAL_USE_USB == TRUE) || defined(__DOXYGEN__)
 120:lib/chibios/os/hal/src/hal.c ****   usbInit();
  51              		.loc 1 120 3 view .LVU8
  52 000e FFF7FEFF 		bl	usbInit
  53              	.LVL3:
 121:lib/chibios/os/hal/src/hal.c **** #endif
 122:lib/chibios/os/hal/src/hal.c **** #if (HAL_USE_MMC_SPI == TRUE) || defined(__DOXYGEN__)
 123:lib/chibios/os/hal/src/hal.c ****   mmcInit();
 124:lib/chibios/os/hal/src/hal.c **** #endif
 125:lib/chibios/os/hal/src/hal.c **** #if (HAL_USE_SERIAL_USB == TRUE) || defined(__DOXYGEN__)
 126:lib/chibios/os/hal/src/hal.c ****   sduInit();
 127:lib/chibios/os/hal/src/hal.c **** #endif
 128:lib/chibios/os/hal/src/hal.c **** #if (HAL_USE_RTC == TRUE) || defined(__DOXYGEN__)
 129:lib/chibios/os/hal/src/hal.c ****   rtcInit();
 130:lib/chibios/os/hal/src/hal.c **** #endif
 131:lib/chibios/os/hal/src/hal.c **** #if (HAL_USE_WDG == TRUE) || defined(__DOXYGEN__)
 132:lib/chibios/os/hal/src/hal.c ****   wdgInit();
 133:lib/chibios/os/hal/src/hal.c **** #endif
 134:lib/chibios/os/hal/src/hal.c **** #if (HAL_USE_WSPI == TRUE) || defined(__DOXYGEN__)
 135:lib/chibios/os/hal/src/hal.c ****   wspiInit();
 136:lib/chibios/os/hal/src/hal.c **** #endif
 137:lib/chibios/os/hal/src/hal.c **** 
 138:lib/chibios/os/hal/src/hal.c ****   /* Community driver overlay initialization.*/
 139:lib/chibios/os/hal/src/hal.c **** #if defined(HAL_USE_COMMUNITY) || defined(__DOXYGEN__)
 140:lib/chibios/os/hal/src/hal.c **** #if (HAL_USE_COMMUNITY == TRUE) || defined(__DOXYGEN__)
 141:lib/chibios/os/hal/src/hal.c ****   halCommunityInit();
 142:lib/chibios/os/hal/src/hal.c **** #endif
 143:lib/chibios/os/hal/src/hal.c **** #endif
 144:lib/chibios/os/hal/src/hal.c **** 
 145:lib/chibios/os/hal/src/hal.c ****   /* Board specific initialization.*/
 146:lib/chibios/os/hal/src/hal.c ****   boardInit();
  54              		.loc 1 146 3 view .LVU9
  55 0012 FFF7FEFF 		bl	boardInit
  56              	.LVL4:
 147:lib/chibios/os/hal/src/hal.c **** 
 148:lib/chibios/os/hal/src/hal.c **** /*
 149:lib/chibios/os/hal/src/hal.c ****  *  The ST driver is a special case, it is only initialized if the OSAL is
 150:lib/chibios/os/hal/src/hal.c ****  *  configured to require it.
 151:lib/chibios/os/hal/src/hal.c ****  */
 152:lib/chibios/os/hal/src/hal.c **** #if OSAL_ST_MODE != OSAL_ST_MODE_NONE
 153:lib/chibios/os/hal/src/hal.c ****   stInit();
  57              		.loc 1 153 3 view .LVU10
 154:lib/chibios/os/hal/src/hal.c **** #endif
 155:lib/chibios/os/hal/src/hal.c **** }
  58              		.loc 1 155 1 is_stmt 0 view .LVU11
  59 0016 BDE80840 		pop	{r3, lr}
  60              		.cfi_restore 14
  61              		.cfi_restore 3
  62              		.cfi_def_cfa_offset 0
 153:lib/chibios/os/hal/src/hal.c **** #endif
  63              		.loc 1 153 3 view .LVU12
  64 001a FFF7FEBF 		b	stInit
  65              	.LVL5:
  66              		.cfi_endproc
  67              	.LFE278:
  69              		.text
  70              	.Letext0:
  71              		.file 3 "./lib/chibios/os/hal/ports/STM32/STM32F3xx/hal_lld.h"
  72              		.file 4 "./lib/chibios/os/hal/ports/STM32/LLD/GPIOv2/hal_pal_lld.h"
  73              		.file 5 "./lib/chibios/os/hal/include/hal_spi.h"
  74              		.file 6 "./lib/chibios/os/hal/include/hal_usb.h"
  75              		.file 7 "./lib/chibios/os/hal/boards/ST_STM32F3_DISCOVERY/board.h"
  76              		.file 8 "./lib/chibios/os/hal/include/hal_st.h"
DEFINED SYMBOLS
                            *ABS*:0000000000000000 hal.c
C:\Users\lhanj\AppData\Local\Temp\ccI7OUR2.s:18     .text.halInit:0000000000000000 $t
C:\Users\lhanj\AppData\Local\Temp\ccI7OUR2.s:26     .text.halInit:0000000000000000 halInit

UNDEFINED SYMBOLS
hal_lld_init
_pal_lld_init
spiInit
usbInit
boardInit
stInit
