   1              		.cpu cortex-m4
   2              		.eabi_attribute 27, 1
   3              		.eabi_attribute 28, 1
   4              		.eabi_attribute 20, 1
   5              		.eabi_attribute 21, 1
   6              		.eabi_attribute 23, 3
   7              		.eabi_attribute 24, 1
   8              		.eabi_attribute 25, 1
   9              		.eabi_attribute 26, 1
  10              		.eabi_attribute 30, 4
  11              		.eabi_attribute 34, 1
  12              		.eabi_attribute 18, 2
  13              		.file	"lib8tion.c"
  14              		.text
  15              	.Ltext0:
  16              		.cfi_sections	.debug_frame
  17              		.global	rand16seed
  18              		.section	.data.rand16seed,"aw"
  19              		.align	1
  22              	rand16seed:
  23 0000 3905     		.short	1337
  24              		.text
  25              	.Letext0:
  26              		.file 1 "c:\\qmk_msys\\mingw64\\arm-none-eabi\\include\\machine\\_default_types.h"
  27              		.file 2 "c:\\qmk_msys\\mingw64\\arm-none-eabi\\include\\sys\\_stdint.h"
  28              		.file 3 "lib/lib8tion/lib8tion.c"
DEFINED SYMBOLS
                            *ABS*:0000000000000000 lib8tion.c
C:\Users\lhanj\AppData\Local\Temp\ccoKYO8j.s:22     .data.rand16seed:0000000000000000 rand16seed
C:\Users\lhanj\AppData\Local\Temp\ccoKYO8j.s:19     .data.rand16seed:0000000000000000 $d

NO UNDEFINED SYMBOLS
